/!\ FAILSAFE /!\  Thu Sep 11 04:14:44 -0300 2014
  Status: 500 Internal Server Error
  no such file to load -- mysql
    /home/claudio/.rvm/rubies/ruby-1.8.7-p334/lib/ruby/site_ruby/1.8/rubygems/custom_require.rb:36:in `gem_original_require'
    /home/claudio/.rvm/rubies/ruby-1.8.7-p334/lib/ruby/site_ruby/1.8/rubygems/custom_require.rb:36:in `require'
    /home/claudio/.rvm/gems/ruby-1.8.7-p334/gems/activesupport-2.3.18/lib/active_support/dependencies.rb:182:in `require'
    /home/claudio/.rvm/gems/ruby-1.8.7-p334/gems/activesupport-2.3.18/lib/active_support/dependencies.rb:547:in `new_constants_in'
    /home/claudio/.rvm/gems/ruby-1.8.7-p334/gems/activesupport-2.3.18/lib/active_support/dependencies.rb:182:in `require'
    /home/claudio/.rvm/gems/ruby-1.8.7-p334/gems/activesupport-2.3.18/lib/active_support/core_ext/kernel/requires.rb:7:in `require_library_or_gem'
    /home/claudio/.rvm/gems/ruby-1.8.7-p334/gems/activesupport-2.3.18/lib/active_support/core_ext/kernel/reporting.rb:11:in `silence_warnings'
    /home/claudio/.rvm/gems/ruby-1.8.7-p334/gems/activesupport-2.3.18/lib/active_support/core_ext/kernel/requires.rb:5:in `require_library_or_gem'
    /home/claudio/.rvm/gems/ruby-1.8.7-p334/gems/activerecord-2.3.18/lib/active_record/connection_adapters/mysql_adapter.rb:61:in `mysql_connection'
    /home/claudio/.rvm/gems/ruby-1.8.7-p334/gems/activerecord-2.3.18/lib/active_record/connection_adapters/abstract/connection_pool.rb:223:in `send'
    /home/claudio/.rvm/gems/ruby-1.8.7-p334/gems/activerecord-2.3.18/lib/active_record/connection_adapters/abstract/connection_pool.rb:223:in `new_connection'
    /home/claudio/.rvm/gems/ruby-1.8.7-p334/gems/activerecord-2.3.18/lib/active_record/connection_adapters/abstract/connection_pool.rb:245:in `checkout_new_connection'
    /home/claudio/.rvm/gems/ruby-1.8.7-p334/gems/activerecord-2.3.18/lib/active_record/connection_adapters/abstract/connection_pool.rb:188:in `checkout'
    /home/claudio/.rvm/gems/ruby-1.8.7-p334/gems/activerecord-2.3.18/lib/active_record/connection_adapters/abstract/connection_pool.rb:184:in `loop'
    /home/claudio/.rvm/gems/ruby-1.8.7-p334/gems/activerecord-2.3.18/lib/active_record/connection_adapters/abstract/connection_pool.rb:184:in `checkout'
    /home/claudio/.rvm/rubies/ruby-1.8.7-p334/lib/ruby/1.8/monitor.rb:242:in `synchronize'
    /home/claudio/.rvm/gems/ruby-1.8.7-p334/gems/activerecord-2.3.18/lib/active_record/connection_adapters/abstract/connection_pool.rb:183:in `checkout'
    /home/claudio/.rvm/gems/ruby-1.8.7-p334/gems/activerecord-2.3.18/lib/active_record/connection_adapters/abstract/connection_pool.rb:98:in `connection'
    /home/claudio/.rvm/gems/ruby-1.8.7-p334/gems/activerecord-2.3.18/lib/active_record/connection_adapters/abstract/connection_pool.rb:326:in `retrieve_connection'
    /home/claudio/.rvm/gems/ruby-1.8.7-p334/gems/activerecord-2.3.18/lib/active_record/connection_adapters/abstract/connection_specification.rb:123:in `retrieve_connection'
    /home/claudio/.rvm/gems/ruby-1.8.7-p334/gems/activerecord-2.3.18/lib/active_record/connection_adapters/abstract/connection_specification.rb:115:in `connection'
    /home/claudio/.rvm/gems/ruby-1.8.7-p334/gems/activerecord-2.3.18/lib/active_record/query_cache.rb:9:in `cache'
    /home/claudio/.rvm/gems/ruby-1.8.7-p334/gems/activerecord-2.3.18/lib/active_record/query_cache.rb:28:in `call'
    /home/claudio/.rvm/gems/ruby-1.8.7-p334/gems/activerecord-2.3.18/lib/active_record/connection_adapters/abstract/connection_pool.rb:361:in `call'
    /home/claudio/.rvm/gems/ruby-1.8.7-p334/gems/actionpack-2.3.18/lib/action_controller/string_coercion.rb:25:in `call'
    /home/claudio/.rvm/gems/ruby-1.8.7-p334/gems/rack-1.1.6/lib/rack/head.rb:9:in `call'
    /home/claudio/.rvm/gems/ruby-1.8.7-p334/gems/rack-1.1.6/lib/rack/methodoverride.rb:24:in `call'
    /home/claudio/.rvm/gems/ruby-1.8.7-p334/gems/actionpack-2.3.18/lib/action_controller/params_parser.rb:15:in `call'
    /home/claudio/.rvm/gems/ruby-1.8.7-p334/gems/actionpack-2.3.18/lib/action_controller/session/cookie_store.rb:99:in `call'
    /home/claudio/.rvm/gems/ruby-1.8.7-p334/gems/actionpack-2.3.18/lib/action_controller/failsafe.rb:26:in `call'
    /home/claudio/.rvm/gems/ruby-1.8.7-p334/gems/rack-1.1.6/lib/rack/lock.rb:11:in `call'
    /home/claudio/.rvm/gems/ruby-1.8.7-p334/gems/rack-1.1.6/lib/rack/lock.rb:11:in `synchronize'
    /home/claudio/.rvm/gems/ruby-1.8.7-p334/gems/rack-1.1.6/lib/rack/lock.rb:11:in `call'
    /home/claudio/.rvm/gems/ruby-1.8.7-p334/gems/actionpack-2.3.18/lib/action_controller/dispatcher.rb:114:in `call'
    /home/claudio/.rvm/gems/ruby-1.8.7-p334/gems/actionpack-2.3.18/lib/action_controller/reloader.rb:34:in `run'
    /home/claudio/.rvm/gems/ruby-1.8.7-p334/gems/actionpack-2.3.18/lib/action_controller/dispatcher.rb:108:in `call'
    /home/claudio/.rvm/gems/ruby-1.8.7-p334/gems/rails-2.3.18/lib/rails/rack/static.rb:31:in `call'
    /home/claudio/.rvm/gems/ruby-1.8.7-p334/gems/rack-1.1.6/lib/rack/urlmap.rb:47:in `call'
    /home/claudio/.rvm/gems/ruby-1.8.7-p334/gems/rack-1.1.6/lib/rack/urlmap.rb:41:in `each'
    /home/claudio/.rvm/gems/ruby-1.8.7-p334/gems/rack-1.1.6/lib/rack/urlmap.rb:41:in `call'
    /home/claudio/.rvm/gems/ruby-1.8.7-p334/gems/rails-2.3.18/lib/rails/rack/log_tailer.rb:17:in `call'
    /home/claudio/.rvm/gems/ruby-1.8.7-p334/gems/rack-1.1.6/lib/rack/content_length.rb:13:in `call'
    /home/claudio/.rvm/gems/ruby-1.8.7-p334/gems/rack-1.1.6/lib/rack/handler/webrick.rb:48:in `service'
    /home/claudio/.rvm/rubies/ruby-1.8.7-p334/lib/ruby/1.8/webrick/httpserver.rb:104:in `service'
    /home/claudio/.rvm/rubies/ruby-1.8.7-p334/lib/ruby/1.8/webrick/httpserver.rb:65:in `run'
    /home/claudio/.rvm/rubies/ruby-1.8.7-p334/lib/ruby/1.8/webrick/server.rb:173:in `start_thread'
    /home/claudio/.rvm/rubies/ruby-1.8.7-p334/lib/ruby/1.8/webrick/server.rb:162:in `start'
    /home/claudio/.rvm/rubies/ruby-1.8.7-p334/lib/ruby/1.8/webrick/server.rb:162:in `start_thread'
    /home/claudio/.rvm/rubies/ruby-1.8.7-p334/lib/ruby/1.8/webrick/server.rb:95:in `start'
    /home/claudio/.rvm/rubies/ruby-1.8.7-p334/lib/ruby/1.8/webrick/server.rb:92:in `each'
    /home/claudio/.rvm/rubies/ruby-1.8.7-p334/lib/ruby/1.8/webrick/server.rb:92:in `start'
    /home/claudio/.rvm/rubies/ruby-1.8.7-p334/lib/ruby/1.8/webrick/server.rb:23:in `start'
    /home/claudio/.rvm/rubies/ruby-1.8.7-p334/lib/ruby/1.8/webrick/server.rb:82:in `start'
    /home/claudio/.rvm/gems/ruby-1.8.7-p334/gems/rack-1.1.6/lib/rack/handler/webrick.rb:14:in `run'
    /home/claudio/.rvm/gems/ruby-1.8.7-p334/gems/rails-2.3.18/lib/commands/server.rb:111
    /home/claudio/.rvm/rubies/ruby-1.8.7-p334/lib/ruby/site_ruby/1.8/rubygems/custom_require.rb:36:in `gem_original_require'
    /home/claudio/.rvm/rubies/ruby-1.8.7-p334/lib/ruby/site_ruby/1.8/rubygems/custom_require.rb:36:in `require'
    script/server:3
/!\ FAILSAFE /!\  Thu Sep 11 04:30:23 -0300 2014
  Status: 500 Internal Server Error
  no such file to load -- mysql
    /home/claudio/.rvm/rubies/ruby-1.8.7-p334/lib/ruby/site_ruby/1.8/rubygems/custom_require.rb:36:in `gem_original_require'
    /home/claudio/.rvm/rubies/ruby-1.8.7-p334/lib/ruby/site_ruby/1.8/rubygems/custom_require.rb:36:in `require'
    /home/claudio/.rvm/gems/ruby-1.8.7-p334/gems/activesupport-2.3.18/lib/active_support/dependencies.rb:182:in `require'
    /home/claudio/.rvm/gems/ruby-1.8.7-p334/gems/activesupport-2.3.18/lib/active_support/dependencies.rb:547:in `new_constants_in'
    /home/claudio/.rvm/gems/ruby-1.8.7-p334/gems/activesupport-2.3.18/lib/active_support/dependencies.rb:182:in `require'
    /home/claudio/.rvm/gems/ruby-1.8.7-p334/gems/activesupport-2.3.18/lib/active_support/core_ext/kernel/requires.rb:7:in `require_library_or_gem'
    /home/claudio/.rvm/gems/ruby-1.8.7-p334/gems/activesupport-2.3.18/lib/active_support/core_ext/kernel/reporting.rb:11:in `silence_warnings'
    /home/claudio/.rvm/gems/ruby-1.8.7-p334/gems/activesupport-2.3.18/lib/active_support/core_ext/kernel/requires.rb:5:in `require_library_or_gem'
    /home/claudio/.rvm/gems/ruby-1.8.7-p334/gems/activerecord-2.3.18/lib/active_record/connection_adapters/mysql_adapter.rb:61:in `mysql_connection'
    /home/claudio/.rvm/gems/ruby-1.8.7-p334/gems/activerecord-2.3.18/lib/active_record/connection_adapters/abstract/connection_pool.rb:223:in `send'
    /home/claudio/.rvm/gems/ruby-1.8.7-p334/gems/activerecord-2.3.18/lib/active_record/connection_adapters/abstract/connection_pool.rb:223:in `new_connection'
    /home/claudio/.rvm/gems/ruby-1.8.7-p334/gems/activerecord-2.3.18/lib/active_record/connection_adapters/abstract/connection_pool.rb:245:in `checkout_new_connection'
    /home/claudio/.rvm/gems/ruby-1.8.7-p334/gems/activerecord-2.3.18/lib/active_record/connection_adapters/abstract/connection_pool.rb:188:in `checkout'
    /home/claudio/.rvm/gems/ruby-1.8.7-p334/gems/activerecord-2.3.18/lib/active_record/connection_adapters/abstract/connection_pool.rb:184:in `loop'
    /home/claudio/.rvm/gems/ruby-1.8.7-p334/gems/activerecord-2.3.18/lib/active_record/connection_adapters/abstract/connection_pool.rb:184:in `checkout'
    /home/claudio/.rvm/rubies/ruby-1.8.7-p334/lib/ruby/1.8/monitor.rb:242:in `synchronize'
    /home/claudio/.rvm/gems/ruby-1.8.7-p334/gems/activerecord-2.3.18/lib/active_record/connection_adapters/abstract/connection_pool.rb:183:in `checkout'
    /home/claudio/.rvm/gems/ruby-1.8.7-p334/gems/activerecord-2.3.18/lib/active_record/connection_adapters/abstract/connection_pool.rb:98:in `connection'
    /home/claudio/.rvm/gems/ruby-1.8.7-p334/gems/activerecord-2.3.18/lib/active_record/connection_adapters/abstract/connection_pool.rb:326:in `retrieve_connection'
    /home/claudio/.rvm/gems/ruby-1.8.7-p334/gems/activerecord-2.3.18/lib/active_record/connection_adapters/abstract/connection_specification.rb:123:in `retrieve_connection'
    /home/claudio/.rvm/gems/ruby-1.8.7-p334/gems/activerecord-2.3.18/lib/active_record/connection_adapters/abstract/connection_specification.rb:115:in `connection'
    /home/claudio/.rvm/gems/ruby-1.8.7-p334/gems/activerecord-2.3.18/lib/active_record/query_cache.rb:9:in `cache'
    /home/claudio/.rvm/gems/ruby-1.8.7-p334/gems/activerecord-2.3.18/lib/active_record/query_cache.rb:28:in `call'
    /home/claudio/.rvm/gems/ruby-1.8.7-p334/gems/activerecord-2.3.18/lib/active_record/connection_adapters/abstract/connection_pool.rb:361:in `call'
    /home/claudio/.rvm/gems/ruby-1.8.7-p334/gems/actionpack-2.3.18/lib/action_controller/string_coercion.rb:25:in `call'
    /home/claudio/.rvm/gems/ruby-1.8.7-p334/gems/rack-1.1.6/lib/rack/head.rb:9:in `call'
    /home/claudio/.rvm/gems/ruby-1.8.7-p334/gems/rack-1.1.6/lib/rack/methodoverride.rb:24:in `call'
    /home/claudio/.rvm/gems/ruby-1.8.7-p334/gems/actionpack-2.3.18/lib/action_controller/params_parser.rb:15:in `call'
    /home/claudio/.rvm/gems/ruby-1.8.7-p334/gems/actionpack-2.3.18/lib/action_controller/session/cookie_store.rb:99:in `call'
    /home/claudio/.rvm/gems/ruby-1.8.7-p334/gems/actionpack-2.3.18/lib/action_controller/failsafe.rb:26:in `call'
    /home/claudio/.rvm/gems/ruby-1.8.7-p334/gems/rack-1.1.6/lib/rack/lock.rb:11:in `call'
    /home/claudio/.rvm/gems/ruby-1.8.7-p334/gems/rack-1.1.6/lib/rack/lock.rb:11:in `synchronize'
    /home/claudio/.rvm/gems/ruby-1.8.7-p334/gems/rack-1.1.6/lib/rack/lock.rb:11:in `call'
    /home/claudio/.rvm/gems/ruby-1.8.7-p334/gems/actionpack-2.3.18/lib/action_controller/dispatcher.rb:114:in `call'
    /home/claudio/.rvm/gems/ruby-1.8.7-p334/gems/actionpack-2.3.18/lib/action_controller/reloader.rb:34:in `run'
    /home/claudio/.rvm/gems/ruby-1.8.7-p334/gems/actionpack-2.3.18/lib/action_controller/dispatcher.rb:108:in `call'
    /home/claudio/.rvm/gems/ruby-1.8.7-p334/gems/rails-2.3.18/lib/rails/rack/static.rb:31:in `call'
    /home/claudio/.rvm/gems/ruby-1.8.7-p334/gems/rack-1.1.6/lib/rack/urlmap.rb:47:in `call'
    /home/claudio/.rvm/gems/ruby-1.8.7-p334/gems/rack-1.1.6/lib/rack/urlmap.rb:41:in `each'
    /home/claudio/.rvm/gems/ruby-1.8.7-p334/gems/rack-1.1.6/lib/rack/urlmap.rb:41:in `call'
    /home/claudio/.rvm/gems/ruby-1.8.7-p334/gems/rails-2.3.18/lib/rails/rack/log_tailer.rb:17:in `call'
    /home/claudio/.rvm/gems/ruby-1.8.7-p334/gems/rack-1.1.6/lib/rack/content_length.rb:13:in `call'
    /home/claudio/.rvm/gems/ruby-1.8.7-p334/gems/rack-1.1.6/lib/rack/handler/webrick.rb:48:in `service'
    /home/claudio/.rvm/rubies/ruby-1.8.7-p334/lib/ruby/1.8/webrick/httpserver.rb:104:in `service'
    /home/claudio/.rvm/rubies/ruby-1.8.7-p334/lib/ruby/1.8/webrick/httpserver.rb:65:in `run'
    /home/claudio/.rvm/rubies/ruby-1.8.7-p334/lib/ruby/1.8/webrick/server.rb:173:in `start_thread'
    /home/claudio/.rvm/rubies/ruby-1.8.7-p334/lib/ruby/1.8/webrick/server.rb:162:in `start'
    /home/claudio/.rvm/rubies/ruby-1.8.7-p334/lib/ruby/1.8/webrick/server.rb:162:in `start_thread'
    /home/claudio/.rvm/rubies/ruby-1.8.7-p334/lib/ruby/1.8/webrick/server.rb:95:in `start'
    /home/claudio/.rvm/rubies/ruby-1.8.7-p334/lib/ruby/1.8/webrick/server.rb:92:in `each'
    /home/claudio/.rvm/rubies/ruby-1.8.7-p334/lib/ruby/1.8/webrick/server.rb:92:in `start'
    /home/claudio/.rvm/rubies/ruby-1.8.7-p334/lib/ruby/1.8/webrick/server.rb:23:in `start'
    /home/claudio/.rvm/rubies/ruby-1.8.7-p334/lib/ruby/1.8/webrick/server.rb:82:in `start'
    /home/claudio/.rvm/gems/ruby-1.8.7-p334/gems/rack-1.1.6/lib/rack/handler/webrick.rb:14:in `run'
    /home/claudio/.rvm/gems/ruby-1.8.7-p334/gems/rails-2.3.18/lib/commands/server.rb:111
    /home/claudio/.rvm/rubies/ruby-1.8.7-p334/lib/ruby/site_ruby/1.8/rubygems/custom_require.rb:36:in `gem_original_require'
    /home/claudio/.rvm/rubies/ruby-1.8.7-p334/lib/ruby/site_ruby/1.8/rubygems/custom_require.rb:36:in `require'
    script/server:3
/!\ FAILSAFE /!\  Thu Sep 11 04:30:43 -0300 2014
  Status: 500 Internal Server Error
  no such file to load -- mysql
    /home/claudio/.rvm/rubies/ruby-1.8.7-p334/lib/ruby/site_ruby/1.8/rubygems/custom_require.rb:36:in `gem_original_require'
    /home/claudio/.rvm/rubies/ruby-1.8.7-p334/lib/ruby/site_ruby/1.8/rubygems/custom_require.rb:36:in `require'
    /home/claudio/.rvm/gems/ruby-1.8.7-p334/gems/activesupport-2.3.18/lib/active_support/dependencies.rb:182:in `require'
    /home/claudio/.rvm/gems/ruby-1.8.7-p334/gems/activesupport-2.3.18/lib/active_support/dependencies.rb:547:in `new_constants_in'
    /home/claudio/.rvm/gems/ruby-1.8.7-p334/gems/activesupport-2.3.18/lib/active_support/dependencies.rb:182:in `require'
    /home/claudio/.rvm/gems/ruby-1.8.7-p334/gems/activesupport-2.3.18/lib/active_support/core_ext/kernel/requires.rb:7:in `require_library_or_gem'
    /home/claudio/.rvm/gems/ruby-1.8.7-p334/gems/activesupport-2.3.18/lib/active_support/core_ext/kernel/reporting.rb:11:in `silence_warnings'
    /home/claudio/.rvm/gems/ruby-1.8.7-p334/gems/activesupport-2.3.18/lib/active_support/core_ext/kernel/requires.rb:5:in `require_library_or_gem'
    /home/claudio/.rvm/gems/ruby-1.8.7-p334/gems/activerecord-2.3.18/lib/active_record/connection_adapters/mysql_adapter.rb:61:in `mysql_connection'
    /home/claudio/.rvm/gems/ruby-1.8.7-p334/gems/activerecord-2.3.18/lib/active_record/connection_adapters/abstract/connection_pool.rb:223:in `send'
    /home/claudio/.rvm/gems/ruby-1.8.7-p334/gems/activerecord-2.3.18/lib/active_record/connection_adapters/abstract/connection_pool.rb:223:in `new_connection'
    /home/claudio/.rvm/gems/ruby-1.8.7-p334/gems/activerecord-2.3.18/lib/active_record/connection_adapters/abstract/connection_pool.rb:245:in `checkout_new_connection'
    /home/claudio/.rvm/gems/ruby-1.8.7-p334/gems/activerecord-2.3.18/lib/active_record/connection_adapters/abstract/connection_pool.rb:188:in `checkout'
    /home/claudio/.rvm/gems/ruby-1.8.7-p334/gems/activerecord-2.3.18/lib/active_record/connection_adapters/abstract/connection_pool.rb:184:in `loop'
    /home/claudio/.rvm/gems/ruby-1.8.7-p334/gems/activerecord-2.3.18/lib/active_record/connection_adapters/abstract/connection_pool.rb:184:in `checkout'
    /home/claudio/.rvm/rubies/ruby-1.8.7-p334/lib/ruby/1.8/monitor.rb:242:in `synchronize'
    /home/claudio/.rvm/gems/ruby-1.8.7-p334/gems/activerecord-2.3.18/lib/active_record/connection_adapters/abstract/connection_pool.rb:183:in `checkout'
    /home/claudio/.rvm/gems/ruby-1.8.7-p334/gems/activerecord-2.3.18/lib/active_record/connection_adapters/abstract/connection_pool.rb:98:in `connection'
    /home/claudio/.rvm/gems/ruby-1.8.7-p334/gems/activerecord-2.3.18/lib/active_record/connection_adapters/abstract/connection_pool.rb:326:in `retrieve_connection'
    /home/claudio/.rvm/gems/ruby-1.8.7-p334/gems/activerecord-2.3.18/lib/active_record/connection_adapters/abstract/connection_specification.rb:123:in `retrieve_connection'
    /home/claudio/.rvm/gems/ruby-1.8.7-p334/gems/activerecord-2.3.18/lib/active_record/connection_adapters/abstract/connection_specification.rb:115:in `connection'
    /home/claudio/.rvm/gems/ruby-1.8.7-p334/gems/activerecord-2.3.18/lib/active_record/query_cache.rb:9:in `cache'
    /home/claudio/.rvm/gems/ruby-1.8.7-p334/gems/activerecord-2.3.18/lib/active_record/query_cache.rb:28:in `call'
    /home/claudio/.rvm/gems/ruby-1.8.7-p334/gems/activerecord-2.3.18/lib/active_record/connection_adapters/abstract/connection_pool.rb:361:in `call'
    /home/claudio/.rvm/gems/ruby-1.8.7-p334/gems/actionpack-2.3.18/lib/action_controller/string_coercion.rb:25:in `call'
    /home/claudio/.rvm/gems/ruby-1.8.7-p334/gems/rack-1.1.6/lib/rack/head.rb:9:in `call'
    /home/claudio/.rvm/gems/ruby-1.8.7-p334/gems/rack-1.1.6/lib/rack/methodoverride.rb:24:in `call'
    /home/claudio/.rvm/gems/ruby-1.8.7-p334/gems/actionpack-2.3.18/lib/action_controller/params_parser.rb:15:in `call'
    /home/claudio/.rvm/gems/ruby-1.8.7-p334/gems/actionpack-2.3.18/lib/action_controller/session/cookie_store.rb:99:in `call'
    /home/claudio/.rvm/gems/ruby-1.8.7-p334/gems/actionpack-2.3.18/lib/action_controller/failsafe.rb:26:in `call'
    /home/claudio/.rvm/gems/ruby-1.8.7-p334/gems/rack-1.1.6/lib/rack/lock.rb:11:in `call'
    /home/claudio/.rvm/gems/ruby-1.8.7-p334/gems/rack-1.1.6/lib/rack/lock.rb:11:in `synchronize'
    /home/claudio/.rvm/gems/ruby-1.8.7-p334/gems/rack-1.1.6/lib/rack/lock.rb:11:in `call'
    /home/claudio/.rvm/gems/ruby-1.8.7-p334/gems/actionpack-2.3.18/lib/action_controller/dispatcher.rb:114:in `call'
    /home/claudio/.rvm/gems/ruby-1.8.7-p334/gems/actionpack-2.3.18/lib/action_controller/reloader.rb:34:in `run'
    /home/claudio/.rvm/gems/ruby-1.8.7-p334/gems/actionpack-2.3.18/lib/action_controller/dispatcher.rb:108:in `call'
    /home/claudio/.rvm/gems/ruby-1.8.7-p334/gems/rails-2.3.18/lib/rails/rack/static.rb:31:in `call'
    /home/claudio/.rvm/gems/ruby-1.8.7-p334/gems/rack-1.1.6/lib/rack/urlmap.rb:47:in `call'
    /home/claudio/.rvm/gems/ruby-1.8.7-p334/gems/rack-1.1.6/lib/rack/urlmap.rb:41:in `each'
    /home/claudio/.rvm/gems/ruby-1.8.7-p334/gems/rack-1.1.6/lib/rack/urlmap.rb:41:in `call'
    /home/claudio/.rvm/gems/ruby-1.8.7-p334/gems/rails-2.3.18/lib/rails/rack/log_tailer.rb:17:in `call'
    /home/claudio/.rvm/gems/ruby-1.8.7-p334/gems/rack-1.1.6/lib/rack/content_length.rb:13:in `call'
    /home/claudio/.rvm/gems/ruby-1.8.7-p334/gems/rack-1.1.6/lib/rack/handler/webrick.rb:48:in `service'
    /home/claudio/.rvm/rubies/ruby-1.8.7-p334/lib/ruby/1.8/webrick/httpserver.rb:104:in `service'
    /home/claudio/.rvm/rubies/ruby-1.8.7-p334/lib/ruby/1.8/webrick/httpserver.rb:65:in `run'
    /home/claudio/.rvm/rubies/ruby-1.8.7-p334/lib/ruby/1.8/webrick/server.rb:173:in `start_thread'
    /home/claudio/.rvm/rubies/ruby-1.8.7-p334/lib/ruby/1.8/webrick/server.rb:162:in `start'
    /home/claudio/.rvm/rubies/ruby-1.8.7-p334/lib/ruby/1.8/webrick/server.rb:162:in `start_thread'
    /home/claudio/.rvm/rubies/ruby-1.8.7-p334/lib/ruby/1.8/webrick/server.rb:95:in `start'
    /home/claudio/.rvm/rubies/ruby-1.8.7-p334/lib/ruby/1.8/webrick/server.rb:92:in `each'
    /home/claudio/.rvm/rubies/ruby-1.8.7-p334/lib/ruby/1.8/webrick/server.rb:92:in `start'
    /home/claudio/.rvm/rubies/ruby-1.8.7-p334/lib/ruby/1.8/webrick/server.rb:23:in `start'
    /home/claudio/.rvm/rubies/ruby-1.8.7-p334/lib/ruby/1.8/webrick/server.rb:82:in `start'
    /home/claudio/.rvm/gems/ruby-1.8.7-p334/gems/rack-1.1.6/lib/rack/handler/webrick.rb:14:in `run'
    /home/claudio/.rvm/gems/ruby-1.8.7-p334/gems/rails-2.3.18/lib/commands/server.rb:111
    /home/claudio/.rvm/rubies/ruby-1.8.7-p334/lib/ruby/site_ruby/1.8/rubygems/custom_require.rb:36:in `gem_original_require'
    /home/claudio/.rvm/rubies/ruby-1.8.7-p334/lib/ruby/site_ruby/1.8/rubygems/custom_require.rb:36:in `require'
    script/server:3
/!\ FAILSAFE /!\  Thu Sep 11 04:33:13 -0300 2014
  Status: 500 Internal Server Error
  no such file to load -- mysql
    /home/claudio/.rvm/rubies/ruby-1.8.7-p334/lib/ruby/site_ruby/1.8/rubygems/custom_require.rb:36:in `gem_original_require'
    /home/claudio/.rvm/rubies/ruby-1.8.7-p334/lib/ruby/site_ruby/1.8/rubygems/custom_require.rb:36:in `require'
    /home/claudio/.rvm/gems/ruby-1.8.7-p334/gems/activesupport-2.3.18/lib/active_support/dependencies.rb:182:in `require'
    /home/claudio/.rvm/gems/ruby-1.8.7-p334/gems/activesupport-2.3.18/lib/active_support/dependencies.rb:547:in `new_constants_in'
    /home/claudio/.rvm/gems/ruby-1.8.7-p334/gems/activesupport-2.3.18/lib/active_support/dependencies.rb:182:in `require'
    /home/claudio/.rvm/gems/ruby-1.8.7-p334/gems/activesupport-2.3.18/lib/active_support/core_ext/kernel/requires.rb:7:in `require_library_or_gem'
    /home/claudio/.rvm/gems/ruby-1.8.7-p334/gems/activesupport-2.3.18/lib/active_support/core_ext/kernel/reporting.rb:11:in `silence_warnings'
    /home/claudio/.rvm/gems/ruby-1.8.7-p334/gems/activesupport-2.3.18/lib/active_support/core_ext/kernel/requires.rb:5:in `require_library_or_gem'
    /home/claudio/.rvm/gems/ruby-1.8.7-p334/gems/activerecord-2.3.18/lib/active_record/connection_adapters/mysql_adapter.rb:61:in `mysql_connection'
    /home/claudio/.rvm/gems/ruby-1.8.7-p334/gems/activerecord-2.3.18/lib/active_record/connection_adapters/abstract/connection_pool.rb:223:in `send'
    /home/claudio/.rvm/gems/ruby-1.8.7-p334/gems/activerecord-2.3.18/lib/active_record/connection_adapters/abstract/connection_pool.rb:223:in `new_connection'
    /home/claudio/.rvm/gems/ruby-1.8.7-p334/gems/activerecord-2.3.18/lib/active_record/connection_adapters/abstract/connection_pool.rb:245:in `checkout_new_connection'
    /home/claudio/.rvm/gems/ruby-1.8.7-p334/gems/activerecord-2.3.18/lib/active_record/connection_adapters/abstract/connection_pool.rb:188:in `checkout'
    /home/claudio/.rvm/gems/ruby-1.8.7-p334/gems/activerecord-2.3.18/lib/active_record/connection_adapters/abstract/connection_pool.rb:184:in `loop'
    /home/claudio/.rvm/gems/ruby-1.8.7-p334/gems/activerecord-2.3.18/lib/active_record/connection_adapters/abstract/connection_pool.rb:184:in `checkout'
    /home/claudio/.rvm/rubies/ruby-1.8.7-p334/lib/ruby/1.8/monitor.rb:242:in `synchronize'
    /home/claudio/.rvm/gems/ruby-1.8.7-p334/gems/activerecord-2.3.18/lib/active_record/connection_adapters/abstract/connection_pool.rb:183:in `checkout'
    /home/claudio/.rvm/gems/ruby-1.8.7-p334/gems/activerecord-2.3.18/lib/active_record/connection_adapters/abstract/connection_pool.rb:98:in `connection'
    /home/claudio/.rvm/gems/ruby-1.8.7-p334/gems/activerecord-2.3.18/lib/active_record/connection_adapters/abstract/connection_pool.rb:326:in `retrieve_connection'
    /home/claudio/.rvm/gems/ruby-1.8.7-p334/gems/activerecord-2.3.18/lib/active_record/connection_adapters/abstract/connection_specification.rb:123:in `retrieve_connection'
    /home/claudio/.rvm/gems/ruby-1.8.7-p334/gems/activerecord-2.3.18/lib/active_record/connection_adapters/abstract/connection_specification.rb:115:in `connection'
    /home/claudio/.rvm/gems/ruby-1.8.7-p334/gems/activerecord-2.3.18/lib/active_record/query_cache.rb:9:in `cache'
    /home/claudio/.rvm/gems/ruby-1.8.7-p334/gems/activerecord-2.3.18/lib/active_record/query_cache.rb:28:in `call'
    /home/claudio/.rvm/gems/ruby-1.8.7-p334/gems/activerecord-2.3.18/lib/active_record/connection_adapters/abstract/connection_pool.rb:361:in `call'
    /home/claudio/.rvm/gems/ruby-1.8.7-p334/gems/actionpack-2.3.18/lib/action_controller/string_coercion.rb:25:in `call'
    /home/claudio/.rvm/gems/ruby-1.8.7-p334/gems/rack-1.1.6/lib/rack/head.rb:9:in `call'
    /home/claudio/.rvm/gems/ruby-1.8.7-p334/gems/rack-1.1.6/lib/rack/methodoverride.rb:24:in `call'
    /home/claudio/.rvm/gems/ruby-1.8.7-p334/gems/actionpack-2.3.18/lib/action_controller/params_parser.rb:15:in `call'
    /home/claudio/.rvm/gems/ruby-1.8.7-p334/gems/actionpack-2.3.18/lib/action_controller/session/cookie_store.rb:99:in `call'
    /home/claudio/.rvm/gems/ruby-1.8.7-p334/gems/actionpack-2.3.18/lib/action_controller/failsafe.rb:26:in `call'
    /home/claudio/.rvm/gems/ruby-1.8.7-p334/gems/rack-1.1.6/lib/rack/lock.rb:11:in `call'
    /home/claudio/.rvm/gems/ruby-1.8.7-p334/gems/rack-1.1.6/lib/rack/lock.rb:11:in `synchronize'
    /home/claudio/.rvm/gems/ruby-1.8.7-p334/gems/rack-1.1.6/lib/rack/lock.rb:11:in `call'
    /home/claudio/.rvm/gems/ruby-1.8.7-p334/gems/actionpack-2.3.18/lib/action_controller/dispatcher.rb:114:in `call'
    /home/claudio/.rvm/gems/ruby-1.8.7-p334/gems/actionpack-2.3.18/lib/action_controller/reloader.rb:34:in `run'
    /home/claudio/.rvm/gems/ruby-1.8.7-p334/gems/actionpack-2.3.18/lib/action_controller/dispatcher.rb:108:in `call'
    /home/claudio/.rvm/gems/ruby-1.8.7-p334/gems/rails-2.3.18/lib/rails/rack/static.rb:31:in `call'
    /home/claudio/.rvm/gems/ruby-1.8.7-p334/gems/rack-1.1.6/lib/rack/urlmap.rb:47:in `call'
    /home/claudio/.rvm/gems/ruby-1.8.7-p334/gems/rack-1.1.6/lib/rack/urlmap.rb:41:in `each'
    /home/claudio/.rvm/gems/ruby-1.8.7-p334/gems/rack-1.1.6/lib/rack/urlmap.rb:41:in `call'
    /home/claudio/.rvm/gems/ruby-1.8.7-p334/gems/rails-2.3.18/lib/rails/rack/log_tailer.rb:17:in `call'
    /home/claudio/.rvm/gems/ruby-1.8.7-p334/gems/rack-1.1.6/lib/rack/content_length.rb:13:in `call'
    /home/claudio/.rvm/gems/ruby-1.8.7-p334/gems/rack-1.1.6/lib/rack/handler/webrick.rb:48:in `service'
    /home/claudio/.rvm/rubies/ruby-1.8.7-p334/lib/ruby/1.8/webrick/httpserver.rb:104:in `service'
    /home/claudio/.rvm/rubies/ruby-1.8.7-p334/lib/ruby/1.8/webrick/httpserver.rb:65:in `run'
    /home/claudio/.rvm/rubies/ruby-1.8.7-p334/lib/ruby/1.8/webrick/server.rb:173:in `start_thread'
    /home/claudio/.rvm/rubies/ruby-1.8.7-p334/lib/ruby/1.8/webrick/server.rb:162:in `start'
    /home/claudio/.rvm/rubies/ruby-1.8.7-p334/lib/ruby/1.8/webrick/server.rb:162:in `start_thread'
    /home/claudio/.rvm/rubies/ruby-1.8.7-p334/lib/ruby/1.8/webrick/server.rb:95:in `start'
    /home/claudio/.rvm/rubies/ruby-1.8.7-p334/lib/ruby/1.8/webrick/server.rb:92:in `each'
    /home/claudio/.rvm/rubies/ruby-1.8.7-p334/lib/ruby/1.8/webrick/server.rb:92:in `start'
    /home/claudio/.rvm/rubies/ruby-1.8.7-p334/lib/ruby/1.8/webrick/server.rb:23:in `start'
    /home/claudio/.rvm/rubies/ruby-1.8.7-p334/lib/ruby/1.8/webrick/server.rb:82:in `start'
    /home/claudio/.rvm/gems/ruby-1.8.7-p334/gems/rack-1.1.6/lib/rack/handler/webrick.rb:14:in `run'
    /home/claudio/.rvm/gems/ruby-1.8.7-p334/gems/rails-2.3.18/lib/commands/server.rb:111
    /home/claudio/.rvm/rubies/ruby-1.8.7-p334/lib/ruby/site_ruby/1.8/rubygems/custom_require.rb:36:in `gem_original_require'
    /home/claudio/.rvm/rubies/ruby-1.8.7-p334/lib/ruby/site_ruby/1.8/rubygems/custom_require.rb:36:in `require'
    script/server:3
/!\ FAILSAFE /!\  Thu Sep 11 04:33:23 -0300 2014
  Status: 500 Internal Server Error
  no such file to load -- mysql
    /home/claudio/.rvm/rubies/ruby-1.8.7-p334/lib/ruby/site_ruby/1.8/rubygems/custom_require.rb:36:in `gem_original_require'
    /home/claudio/.rvm/rubies/ruby-1.8.7-p334/lib/ruby/site_ruby/1.8/rubygems/custom_require.rb:36:in `require'
    /home/claudio/.rvm/gems/ruby-1.8.7-p334/gems/activesupport-2.3.18/lib/active_support/dependencies.rb:182:in `require'
    /home/claudio/.rvm/gems/ruby-1.8.7-p334/gems/activesupport-2.3.18/lib/active_support/dependencies.rb:547:in `new_constants_in'
    /home/claudio/.rvm/gems/ruby-1.8.7-p334/gems/activesupport-2.3.18/lib/active_support/dependencies.rb:182:in `require'
    /home/claudio/.rvm/gems/ruby-1.8.7-p334/gems/activesupport-2.3.18/lib/active_support/core_ext/kernel/requires.rb:7:in `require_library_or_gem'
    /home/claudio/.rvm/gems/ruby-1.8.7-p334/gems/activesupport-2.3.18/lib/active_support/core_ext/kernel/reporting.rb:11:in `silence_warnings'
    /home/claudio/.rvm/gems/ruby-1.8.7-p334/gems/activesupport-2.3.18/lib/active_support/core_ext/kernel/requires.rb:5:in `require_library_or_gem'
    /home/claudio/.rvm/gems/ruby-1.8.7-p334/gems/activerecord-2.3.18/lib/active_record/connection_adapters/mysql_adapter.rb:61:in `mysql_connection'
    /home/claudio/.rvm/gems/ruby-1.8.7-p334/gems/activerecord-2.3.18/lib/active_record/connection_adapters/abstract/connection_pool.rb:223:in `send'
    /home/claudio/.rvm/gems/ruby-1.8.7-p334/gems/activerecord-2.3.18/lib/active_record/connection_adapters/abstract/connection_pool.rb:223:in `new_connection'
    /home/claudio/.rvm/gems/ruby-1.8.7-p334/gems/activerecord-2.3.18/lib/active_record/connection_adapters/abstract/connection_pool.rb:245:in `checkout_new_connection'
    /home/claudio/.rvm/gems/ruby-1.8.7-p334/gems/activerecord-2.3.18/lib/active_record/connection_adapters/abstract/connection_pool.rb:188:in `checkout'
    /home/claudio/.rvm/gems/ruby-1.8.7-p334/gems/activerecord-2.3.18/lib/active_record/connection_adapters/abstract/connection_pool.rb:184:in `loop'
    /home/claudio/.rvm/gems/ruby-1.8.7-p334/gems/activerecord-2.3.18/lib/active_record/connection_adapters/abstract/connection_pool.rb:184:in `checkout'
    /home/claudio/.rvm/rubies/ruby-1.8.7-p334/lib/ruby/1.8/monitor.rb:242:in `synchronize'
    /home/claudio/.rvm/gems/ruby-1.8.7-p334/gems/activerecord-2.3.18/lib/active_record/connection_adapters/abstract/connection_pool.rb:183:in `checkout'
    /home/claudio/.rvm/gems/ruby-1.8.7-p334/gems/activerecord-2.3.18/lib/active_record/connection_adapters/abstract/connection_pool.rb:98:in `connection'
    /home/claudio/.rvm/gems/ruby-1.8.7-p334/gems/activerecord-2.3.18/lib/active_record/connection_adapters/abstract/connection_pool.rb:326:in `retrieve_connection'
    /home/claudio/.rvm/gems/ruby-1.8.7-p334/gems/activerecord-2.3.18/lib/active_record/connection_adapters/abstract/connection_specification.rb:123:in `retrieve_connection'
    /home/claudio/.rvm/gems/ruby-1.8.7-p334/gems/activerecord-2.3.18/lib/active_record/connection_adapters/abstract/connection_specification.rb:115:in `connection'
    /home/claudio/.rvm/gems/ruby-1.8.7-p334/gems/activerecord-2.3.18/lib/active_record/query_cache.rb:9:in `cache'
    /home/claudio/.rvm/gems/ruby-1.8.7-p334/gems/activerecord-2.3.18/lib/active_record/query_cache.rb:28:in `call'
    /home/claudio/.rvm/gems/ruby-1.8.7-p334/gems/activerecord-2.3.18/lib/active_record/connection_adapters/abstract/connection_pool.rb:361:in `call'
    /home/claudio/.rvm/gems/ruby-1.8.7-p334/gems/actionpack-2.3.18/lib/action_controller/string_coercion.rb:25:in `call'
    /home/claudio/.rvm/gems/ruby-1.8.7-p334/gems/rack-1.1.6/lib/rack/head.rb:9:in `call'
    /home/claudio/.rvm/gems/ruby-1.8.7-p334/gems/rack-1.1.6/lib/rack/methodoverride.rb:24:in `call'
    /home/claudio/.rvm/gems/ruby-1.8.7-p334/gems/actionpack-2.3.18/lib/action_controller/params_parser.rb:15:in `call'
    /home/claudio/.rvm/gems/ruby-1.8.7-p334/gems/actionpack-2.3.18/lib/action_controller/session/cookie_store.rb:99:in `call'
    /home/claudio/.rvm/gems/ruby-1.8.7-p334/gems/actionpack-2.3.18/lib/action_controller/failsafe.rb:26:in `call'
    /home/claudio/.rvm/gems/ruby-1.8.7-p334/gems/rack-1.1.6/lib/rack/lock.rb:11:in `call'
    /home/claudio/.rvm/gems/ruby-1.8.7-p334/gems/rack-1.1.6/lib/rack/lock.rb:11:in `synchronize'
    /home/claudio/.rvm/gems/ruby-1.8.7-p334/gems/rack-1.1.6/lib/rack/lock.rb:11:in `call'
    /home/claudio/.rvm/gems/ruby-1.8.7-p334/gems/actionpack-2.3.18/lib/action_controller/dispatcher.rb:114:in `call'
    /home/claudio/.rvm/gems/ruby-1.8.7-p334/gems/actionpack-2.3.18/lib/action_controller/reloader.rb:34:in `run'
    /home/claudio/.rvm/gems/ruby-1.8.7-p334/gems/actionpack-2.3.18/lib/action_controller/dispatcher.rb:108:in `call'
    /home/claudio/.rvm/gems/ruby-1.8.7-p334/gems/rails-2.3.18/lib/rails/rack/static.rb:31:in `call'
    /home/claudio/.rvm/gems/ruby-1.8.7-p334/gems/rack-1.1.6/lib/rack/urlmap.rb:47:in `call'
    /home/claudio/.rvm/gems/ruby-1.8.7-p334/gems/rack-1.1.6/lib/rack/urlmap.rb:41:in `each'
    /home/claudio/.rvm/gems/ruby-1.8.7-p334/gems/rack-1.1.6/lib/rack/urlmap.rb:41:in `call'
    /home/claudio/.rvm/gems/ruby-1.8.7-p334/gems/rails-2.3.18/lib/rails/rack/log_tailer.rb:17:in `call'
    /home/claudio/.rvm/gems/ruby-1.8.7-p334/gems/rack-1.1.6/lib/rack/content_length.rb:13:in `call'
    /home/claudio/.rvm/gems/ruby-1.8.7-p334/gems/rack-1.1.6/lib/rack/handler/webrick.rb:48:in `service'
    /home/claudio/.rvm/rubies/ruby-1.8.7-p334/lib/ruby/1.8/webrick/httpserver.rb:104:in `service'
    /home/claudio/.rvm/rubies/ruby-1.8.7-p334/lib/ruby/1.8/webrick/httpserver.rb:65:in `run'
    /home/claudio/.rvm/rubies/ruby-1.8.7-p334/lib/ruby/1.8/webrick/server.rb:173:in `start_thread'
    /home/claudio/.rvm/rubies/ruby-1.8.7-p334/lib/ruby/1.8/webrick/server.rb:162:in `start'
    /home/claudio/.rvm/rubies/ruby-1.8.7-p334/lib/ruby/1.8/webrick/server.rb:162:in `start_thread'
    /home/claudio/.rvm/rubies/ruby-1.8.7-p334/lib/ruby/1.8/webrick/server.rb:95:in `start'
    /home/claudio/.rvm/rubies/ruby-1.8.7-p334/lib/ruby/1.8/webrick/server.rb:92:in `each'
    /home/claudio/.rvm/rubies/ruby-1.8.7-p334/lib/ruby/1.8/webrick/server.rb:92:in `start'
    /home/claudio/.rvm/rubies/ruby-1.8.7-p334/lib/ruby/1.8/webrick/server.rb:23:in `start'
    /home/claudio/.rvm/rubies/ruby-1.8.7-p334/lib/ruby/1.8/webrick/server.rb:82:in `start'
    /home/claudio/.rvm/gems/ruby-1.8.7-p334/gems/rack-1.1.6/lib/rack/handler/webrick.rb:14:in `run'
    /home/claudio/.rvm/gems/ruby-1.8.7-p334/gems/rails-2.3.18/lib/commands/server.rb:111
    /home/claudio/.rvm/rubies/ruby-1.8.7-p334/lib/ruby/site_ruby/1.8/rubygems/custom_require.rb:36:in `gem_original_require'
    /home/claudio/.rvm/rubies/ruby-1.8.7-p334/lib/ruby/site_ruby/1.8/rubygems/custom_require.rb:36:in `require'
    script/server:3
/!\ FAILSAFE /!\  Thu Sep 11 04:33:52 -0300 2014
  Status: 500 Internal Server Error
  no such file to load -- mysql
    /home/claudio/.rvm/rubies/ruby-1.8.7-p334/lib/ruby/site_ruby/1.8/rubygems/custom_require.rb:36:in `gem_original_require'
    /home/claudio/.rvm/rubies/ruby-1.8.7-p334/lib/ruby/site_ruby/1.8/rubygems/custom_require.rb:36:in `require'
    /home/claudio/.rvm/gems/ruby-1.8.7-p334/gems/activesupport-2.3.18/lib/active_support/dependencies.rb:182:in `require'
    /home/claudio/.rvm/gems/ruby-1.8.7-p334/gems/activesupport-2.3.18/lib/active_support/dependencies.rb:547:in `new_constants_in'
    /home/claudio/.rvm/gems/ruby-1.8.7-p334/gems/activesupport-2.3.18/lib/active_support/dependencies.rb:182:in `require'
    /home/claudio/.rvm/gems/ruby-1.8.7-p334/gems/activesupport-2.3.18/lib/active_support/core_ext/kernel/requires.rb:7:in `require_library_or_gem'
    /home/claudio/.rvm/gems/ruby-1.8.7-p334/gems/activesupport-2.3.18/lib/active_support/core_ext/kernel/reporting.rb:11:in `silence_warnings'
    /home/claudio/.rvm/gems/ruby-1.8.7-p334/gems/activesupport-2.3.18/lib/active_support/core_ext/kernel/requires.rb:5:in `require_library_or_gem'
    /home/claudio/.rvm/gems/ruby-1.8.7-p334/gems/activerecord-2.3.18/lib/active_record/connection_adapters/mysql_adapter.rb:61:in `mysql_connection'
    /home/claudio/.rvm/gems/ruby-1.8.7-p334/gems/activerecord-2.3.18/lib/active_record/connection_adapters/abstract/connection_pool.rb:223:in `send'
    /home/claudio/.rvm/gems/ruby-1.8.7-p334/gems/activerecord-2.3.18/lib/active_record/connection_adapters/abstract/connection_pool.rb:223:in `new_connection'
    /home/claudio/.rvm/gems/ruby-1.8.7-p334/gems/activerecord-2.3.18/lib/active_record/connection_adapters/abstract/connection_pool.rb:245:in `checkout_new_connection'
    /home/claudio/.rvm/gems/ruby-1.8.7-p334/gems/activerecord-2.3.18/lib/active_record/connection_adapters/abstract/connection_pool.rb:188:in `checkout'
    /home/claudio/.rvm/gems/ruby-1.8.7-p334/gems/activerecord-2.3.18/lib/active_record/connection_adapters/abstract/connection_pool.rb:184:in `loop'
    /home/claudio/.rvm/gems/ruby-1.8.7-p334/gems/activerecord-2.3.18/lib/active_record/connection_adapters/abstract/connection_pool.rb:184:in `checkout'
    /home/claudio/.rvm/rubies/ruby-1.8.7-p334/lib/ruby/1.8/monitor.rb:242:in `synchronize'
    /home/claudio/.rvm/gems/ruby-1.8.7-p334/gems/activerecord-2.3.18/lib/active_record/connection_adapters/abstract/connection_pool.rb:183:in `checkout'
    /home/claudio/.rvm/gems/ruby-1.8.7-p334/gems/activerecord-2.3.18/lib/active_record/connection_adapters/abstract/connection_pool.rb:98:in `connection'
    /home/claudio/.rvm/gems/ruby-1.8.7-p334/gems/activerecord-2.3.18/lib/active_record/connection_adapters/abstract/connection_pool.rb:326:in `retrieve_connection'
    /home/claudio/.rvm/gems/ruby-1.8.7-p334/gems/activerecord-2.3.18/lib/active_record/connection_adapters/abstract/connection_specification.rb:123:in `retrieve_connection'
    /home/claudio/.rvm/gems/ruby-1.8.7-p334/gems/activerecord-2.3.18/lib/active_record/connection_adapters/abstract/connection_specification.rb:115:in `connection'
    /home/claudio/.rvm/gems/ruby-1.8.7-p334/gems/activerecord-2.3.18/lib/active_record/query_cache.rb:9:in `cache'
    /home/claudio/.rvm/gems/ruby-1.8.7-p334/gems/activerecord-2.3.18/lib/active_record/query_cache.rb:28:in `call'
    /home/claudio/.rvm/gems/ruby-1.8.7-p334/gems/activerecord-2.3.18/lib/active_record/connection_adapters/abstract/connection_pool.rb:361:in `call'
    /home/claudio/.rvm/gems/ruby-1.8.7-p334/gems/actionpack-2.3.18/lib/action_controller/string_coercion.rb:25:in `call'
    /home/claudio/.rvm/gems/ruby-1.8.7-p334/gems/rack-1.1.6/lib/rack/head.rb:9:in `call'
    /home/claudio/.rvm/gems/ruby-1.8.7-p334/gems/rack-1.1.6/lib/rack/methodoverride.rb:24:in `call'
    /home/claudio/.rvm/gems/ruby-1.8.7-p334/gems/actionpack-2.3.18/lib/action_controller/params_parser.rb:15:in `call'
    /home/claudio/.rvm/gems/ruby-1.8.7-p334/gems/actionpack-2.3.18/lib/action_controller/session/cookie_store.rb:99:in `call'
    /home/claudio/.rvm/gems/ruby-1.8.7-p334/gems/actionpack-2.3.18/lib/action_controller/failsafe.rb:26:in `call'
    /home/claudio/.rvm/gems/ruby-1.8.7-p334/gems/rack-1.1.6/lib/rack/lock.rb:11:in `call'
    /home/claudio/.rvm/gems/ruby-1.8.7-p334/gems/rack-1.1.6/lib/rack/lock.rb:11:in `synchronize'
    /home/claudio/.rvm/gems/ruby-1.8.7-p334/gems/rack-1.1.6/lib/rack/lock.rb:11:in `call'
    /home/claudio/.rvm/gems/ruby-1.8.7-p334/gems/actionpack-2.3.18/lib/action_controller/dispatcher.rb:114:in `call'
    /home/claudio/.rvm/gems/ruby-1.8.7-p334/gems/actionpack-2.3.18/lib/action_controller/reloader.rb:34:in `run'
    /home/claudio/.rvm/gems/ruby-1.8.7-p334/gems/actionpack-2.3.18/lib/action_controller/dispatcher.rb:108:in `call'
    /home/claudio/.rvm/gems/ruby-1.8.7-p334/gems/rails-2.3.18/lib/rails/rack/static.rb:31:in `call'
    /home/claudio/.rvm/gems/ruby-1.8.7-p334/gems/rack-1.1.6/lib/rack/urlmap.rb:47:in `call'
    /home/claudio/.rvm/gems/ruby-1.8.7-p334/gems/rack-1.1.6/lib/rack/urlmap.rb:41:in `each'
    /home/claudio/.rvm/gems/ruby-1.8.7-p334/gems/rack-1.1.6/lib/rack/urlmap.rb:41:in `call'
    /home/claudio/.rvm/gems/ruby-1.8.7-p334/gems/rails-2.3.18/lib/rails/rack/log_tailer.rb:17:in `call'
    /home/claudio/.rvm/gems/ruby-1.8.7-p334/gems/rack-1.1.6/lib/rack/content_length.rb:13:in `call'
    /home/claudio/.rvm/gems/ruby-1.8.7-p334/gems/rack-1.1.6/lib/rack/handler/webrick.rb:48:in `service'
    /home/claudio/.rvm/rubies/ruby-1.8.7-p334/lib/ruby/1.8/webrick/httpserver.rb:104:in `service'
    /home/claudio/.rvm/rubies/ruby-1.8.7-p334/lib/ruby/1.8/webrick/httpserver.rb:65:in `run'
    /home/claudio/.rvm/rubies/ruby-1.8.7-p334/lib/ruby/1.8/webrick/server.rb:173:in `start_thread'
    /home/claudio/.rvm/rubies/ruby-1.8.7-p334/lib/ruby/1.8/webrick/server.rb:162:in `start'
    /home/claudio/.rvm/rubies/ruby-1.8.7-p334/lib/ruby/1.8/webrick/server.rb:162:in `start_thread'
    /home/claudio/.rvm/rubies/ruby-1.8.7-p334/lib/ruby/1.8/webrick/server.rb:95:in `start'
    /home/claudio/.rvm/rubies/ruby-1.8.7-p334/lib/ruby/1.8/webrick/server.rb:92:in `each'
    /home/claudio/.rvm/rubies/ruby-1.8.7-p334/lib/ruby/1.8/webrick/server.rb:92:in `start'
    /home/claudio/.rvm/rubies/ruby-1.8.7-p334/lib/ruby/1.8/webrick/server.rb:23:in `start'
    /home/claudio/.rvm/rubies/ruby-1.8.7-p334/lib/ruby/1.8/webrick/server.rb:82:in `start'
    /home/claudio/.rvm/gems/ruby-1.8.7-p334/gems/rack-1.1.6/lib/rack/handler/webrick.rb:14:in `run'
    /home/claudio/.rvm/gems/ruby-1.8.7-p334/gems/rails-2.3.18/lib/commands/server.rb:111
    /home/claudio/.rvm/rubies/ruby-1.8.7-p334/lib/ruby/site_ruby/1.8/rubygems/custom_require.rb:36:in `gem_original_require'
    /home/claudio/.rvm/rubies/ruby-1.8.7-p334/lib/ruby/site_ruby/1.8/rubygems/custom_require.rb:36:in `require'
    script/server:3
/!\ FAILSAFE /!\  Thu Sep 11 04:33:54 -0300 2014
  Status: 500 Internal Server Error
  no such file to load -- mysql
    /home/claudio/.rvm/rubies/ruby-1.8.7-p334/lib/ruby/site_ruby/1.8/rubygems/custom_require.rb:36:in `gem_original_require'
    /home/claudio/.rvm/rubies/ruby-1.8.7-p334/lib/ruby/site_ruby/1.8/rubygems/custom_require.rb:36:in `require'
    /home/claudio/.rvm/gems/ruby-1.8.7-p334/gems/activesupport-2.3.18/lib/active_support/dependencies.rb:182:in `require'
    /home/claudio/.rvm/gems/ruby-1.8.7-p334/gems/activesupport-2.3.18/lib/active_support/dependencies.rb:547:in `new_constants_in'
    /home/claudio/.rvm/gems/ruby-1.8.7-p334/gems/activesupport-2.3.18/lib/active_support/dependencies.rb:182:in `require'
    /home/claudio/.rvm/gems/ruby-1.8.7-p334/gems/activesupport-2.3.18/lib/active_support/core_ext/kernel/requires.rb:7:in `require_library_or_gem'
    /home/claudio/.rvm/gems/ruby-1.8.7-p334/gems/activesupport-2.3.18/lib/active_support/core_ext/kernel/reporting.rb:11:in `silence_warnings'
    /home/claudio/.rvm/gems/ruby-1.8.7-p334/gems/activesupport-2.3.18/lib/active_support/core_ext/kernel/requires.rb:5:in `require_library_or_gem'
    /home/claudio/.rvm/gems/ruby-1.8.7-p334/gems/activerecord-2.3.18/lib/active_record/connection_adapters/mysql_adapter.rb:61:in `mysql_connection'
    /home/claudio/.rvm/gems/ruby-1.8.7-p334/gems/activerecord-2.3.18/lib/active_record/connection_adapters/abstract/connection_pool.rb:223:in `send'
    /home/claudio/.rvm/gems/ruby-1.8.7-p334/gems/activerecord-2.3.18/lib/active_record/connection_adapters/abstract/connection_pool.rb:223:in `new_connection'
    /home/claudio/.rvm/gems/ruby-1.8.7-p334/gems/activerecord-2.3.18/lib/active_record/connection_adapters/abstract/connection_pool.rb:245:in `checkout_new_connection'
    /home/claudio/.rvm/gems/ruby-1.8.7-p334/gems/activerecord-2.3.18/lib/active_record/connection_adapters/abstract/connection_pool.rb:188:in `checkout'
    /home/claudio/.rvm/gems/ruby-1.8.7-p334/gems/activerecord-2.3.18/lib/active_record/connection_adapters/abstract/connection_pool.rb:184:in `loop'
    /home/claudio/.rvm/gems/ruby-1.8.7-p334/gems/activerecord-2.3.18/lib/active_record/connection_adapters/abstract/connection_pool.rb:184:in `checkout'
    /home/claudio/.rvm/rubies/ruby-1.8.7-p334/lib/ruby/1.8/monitor.rb:242:in `synchronize'
    /home/claudio/.rvm/gems/ruby-1.8.7-p334/gems/activerecord-2.3.18/lib/active_record/connection_adapters/abstract/connection_pool.rb:183:in `checkout'
    /home/claudio/.rvm/gems/ruby-1.8.7-p334/gems/activerecord-2.3.18/lib/active_record/connection_adapters/abstract/connection_pool.rb:98:in `connection'
    /home/claudio/.rvm/gems/ruby-1.8.7-p334/gems/activerecord-2.3.18/lib/active_record/connection_adapters/abstract/connection_pool.rb:326:in `retrieve_connection'
    /home/claudio/.rvm/gems/ruby-1.8.7-p334/gems/activerecord-2.3.18/lib/active_record/connection_adapters/abstract/connection_specification.rb:123:in `retrieve_connection'
    /home/claudio/.rvm/gems/ruby-1.8.7-p334/gems/activerecord-2.3.18/lib/active_record/connection_adapters/abstract/connection_specification.rb:115:in `connection'
    /home/claudio/.rvm/gems/ruby-1.8.7-p334/gems/activerecord-2.3.18/lib/active_record/query_cache.rb:9:in `cache'
    /home/claudio/.rvm/gems/ruby-1.8.7-p334/gems/activerecord-2.3.18/lib/active_record/query_cache.rb:28:in `call'
    /home/claudio/.rvm/gems/ruby-1.8.7-p334/gems/activerecord-2.3.18/lib/active_record/connection_adapters/abstract/connection_pool.rb:361:in `call'
    /home/claudio/.rvm/gems/ruby-1.8.7-p334/gems/actionpack-2.3.18/lib/action_controller/string_coercion.rb:25:in `call'
    /home/claudio/.rvm/gems/ruby-1.8.7-p334/gems/rack-1.1.6/lib/rack/head.rb:9:in `call'
    /home/claudio/.rvm/gems/ruby-1.8.7-p334/gems/rack-1.1.6/lib/rack/methodoverride.rb:24:in `call'
    /home/claudio/.rvm/gems/ruby-1.8.7-p334/gems/actionpack-2.3.18/lib/action_controller/params_parser.rb:15:in `call'
    /home/claudio/.rvm/gems/ruby-1.8.7-p334/gems/actionpack-2.3.18/lib/action_controller/session/cookie_store.rb:99:in `call'
    /home/claudio/.rvm/gems/ruby-1.8.7-p334/gems/actionpack-2.3.18/lib/action_controller/failsafe.rb:26:in `call'
    /home/claudio/.rvm/gems/ruby-1.8.7-p334/gems/rack-1.1.6/lib/rack/lock.rb:11:in `call'
    /home/claudio/.rvm/gems/ruby-1.8.7-p334/gems/rack-1.1.6/lib/rack/lock.rb:11:in `synchronize'
    /home/claudio/.rvm/gems/ruby-1.8.7-p334/gems/rack-1.1.6/lib/rack/lock.rb:11:in `call'
    /home/claudio/.rvm/gems/ruby-1.8.7-p334/gems/actionpack-2.3.18/lib/action_controller/dispatcher.rb:114:in `call'
    /home/claudio/.rvm/gems/ruby-1.8.7-p334/gems/actionpack-2.3.18/lib/action_controller/reloader.rb:34:in `run'
    /home/claudio/.rvm/gems/ruby-1.8.7-p334/gems/actionpack-2.3.18/lib/action_controller/dispatcher.rb:108:in `call'
    /home/claudio/.rvm/gems/ruby-1.8.7-p334/gems/rails-2.3.18/lib/rails/rack/static.rb:31:in `call'
    /home/claudio/.rvm/gems/ruby-1.8.7-p334/gems/rack-1.1.6/lib/rack/urlmap.rb:47:in `call'
    /home/claudio/.rvm/gems/ruby-1.8.7-p334/gems/rack-1.1.6/lib/rack/urlmap.rb:41:in `each'
    /home/claudio/.rvm/gems/ruby-1.8.7-p334/gems/rack-1.1.6/lib/rack/urlmap.rb:41:in `call'
    /home/claudio/.rvm/gems/ruby-1.8.7-p334/gems/rails-2.3.18/lib/rails/rack/log_tailer.rb:17:in `call'
    /home/claudio/.rvm/gems/ruby-1.8.7-p334/gems/rack-1.1.6/lib/rack/content_length.rb:13:in `call'
    /home/claudio/.rvm/gems/ruby-1.8.7-p334/gems/rack-1.1.6/lib/rack/handler/webrick.rb:48:in `service'
    /home/claudio/.rvm/rubies/ruby-1.8.7-p334/lib/ruby/1.8/webrick/httpserver.rb:104:in `service'
    /home/claudio/.rvm/rubies/ruby-1.8.7-p334/lib/ruby/1.8/webrick/httpserver.rb:65:in `run'
    /home/claudio/.rvm/rubies/ruby-1.8.7-p334/lib/ruby/1.8/webrick/server.rb:173:in `start_thread'
    /home/claudio/.rvm/rubies/ruby-1.8.7-p334/lib/ruby/1.8/webrick/server.rb:162:in `start'
    /home/claudio/.rvm/rubies/ruby-1.8.7-p334/lib/ruby/1.8/webrick/server.rb:162:in `start_thread'
    /home/claudio/.rvm/rubies/ruby-1.8.7-p334/lib/ruby/1.8/webrick/server.rb:95:in `start'
    /home/claudio/.rvm/rubies/ruby-1.8.7-p334/lib/ruby/1.8/webrick/server.rb:92:in `each'
    /home/claudio/.rvm/rubies/ruby-1.8.7-p334/lib/ruby/1.8/webrick/server.rb:92:in `start'
    /home/claudio/.rvm/rubies/ruby-1.8.7-p334/lib/ruby/1.8/webrick/server.rb:23:in `start'
    /home/claudio/.rvm/rubies/ruby-1.8.7-p334/lib/ruby/1.8/webrick/server.rb:82:in `start'
    /home/claudio/.rvm/gems/ruby-1.8.7-p334/gems/rack-1.1.6/lib/rack/handler/webrick.rb:14:in `run'
    /home/claudio/.rvm/gems/ruby-1.8.7-p334/gems/rails-2.3.18/lib/commands/server.rb:111
    /home/claudio/.rvm/rubies/ruby-1.8.7-p334/lib/ruby/site_ruby/1.8/rubygems/custom_require.rb:36:in `gem_original_require'
    /home/claudio/.rvm/rubies/ruby-1.8.7-p334/lib/ruby/site_ruby/1.8/rubygems/custom_require.rb:36:in `require'
    script/server:3
/!\ FAILSAFE /!\  Thu Sep 11 04:49:53 -0300 2014
  Status: 500 Internal Server Error
  no such file to load -- mysql
    /home/claudio/.rvm/rubies/ruby-1.8.7-p334/lib/ruby/site_ruby/1.8/rubygems/custom_require.rb:36:in `gem_original_require'
    /home/claudio/.rvm/rubies/ruby-1.8.7-p334/lib/ruby/site_ruby/1.8/rubygems/custom_require.rb:36:in `require'
    /home/claudio/.rvm/gems/ruby-1.8.7-p334/gems/activesupport-2.3.18/lib/active_support/dependencies.rb:182:in `require'
    /home/claudio/.rvm/gems/ruby-1.8.7-p334/gems/activesupport-2.3.18/lib/active_support/dependencies.rb:547:in `new_constants_in'
    /home/claudio/.rvm/gems/ruby-1.8.7-p334/gems/activesupport-2.3.18/lib/active_support/dependencies.rb:182:in `require'
    /home/claudio/.rvm/gems/ruby-1.8.7-p334/gems/activesupport-2.3.18/lib/active_support/core_ext/kernel/requires.rb:7:in `require_library_or_gem'
    /home/claudio/.rvm/gems/ruby-1.8.7-p334/gems/activesupport-2.3.18/lib/active_support/core_ext/kernel/reporting.rb:11:in `silence_warnings'
    /home/claudio/.rvm/gems/ruby-1.8.7-p334/gems/activesupport-2.3.18/lib/active_support/core_ext/kernel/requires.rb:5:in `require_library_or_gem'
    /home/claudio/.rvm/gems/ruby-1.8.7-p334/gems/activerecord-2.3.18/lib/active_record/connection_adapters/mysql_adapter.rb:61:in `mysql_connection'
    /home/claudio/.rvm/gems/ruby-1.8.7-p334/gems/activerecord-2.3.18/lib/active_record/connection_adapters/abstract/connection_pool.rb:223:in `send'
    /home/claudio/.rvm/gems/ruby-1.8.7-p334/gems/activerecord-2.3.18/lib/active_record/connection_adapters/abstract/connection_pool.rb:223:in `new_connection'
    /home/claudio/.rvm/gems/ruby-1.8.7-p334/gems/activerecord-2.3.18/lib/active_record/connection_adapters/abstract/connection_pool.rb:245:in `checkout_new_connection'
    /home/claudio/.rvm/gems/ruby-1.8.7-p334/gems/activerecord-2.3.18/lib/active_record/connection_adapters/abstract/connection_pool.rb:188:in `checkout'
    /home/claudio/.rvm/gems/ruby-1.8.7-p334/gems/activerecord-2.3.18/lib/active_record/connection_adapters/abstract/connection_pool.rb:184:in `loop'
    /home/claudio/.rvm/gems/ruby-1.8.7-p334/gems/activerecord-2.3.18/lib/active_record/connection_adapters/abstract/connection_pool.rb:184:in `checkout'
    /home/claudio/.rvm/rubies/ruby-1.8.7-p334/lib/ruby/1.8/monitor.rb:242:in `synchronize'
    /home/claudio/.rvm/gems/ruby-1.8.7-p334/gems/activerecord-2.3.18/lib/active_record/connection_adapters/abstract/connection_pool.rb:183:in `checkout'
    /home/claudio/.rvm/gems/ruby-1.8.7-p334/gems/activerecord-2.3.18/lib/active_record/connection_adapters/abstract/connection_pool.rb:98:in `connection'
    /home/claudio/.rvm/gems/ruby-1.8.7-p334/gems/activerecord-2.3.18/lib/active_record/connection_adapters/abstract/connection_pool.rb:326:in `retrieve_connection'
    /home/claudio/.rvm/gems/ruby-1.8.7-p334/gems/activerecord-2.3.18/lib/active_record/connection_adapters/abstract/connection_specification.rb:123:in `retrieve_connection'
    /home/claudio/.rvm/gems/ruby-1.8.7-p334/gems/activerecord-2.3.18/lib/active_record/connection_adapters/abstract/connection_specification.rb:115:in `connection'
    /home/claudio/.rvm/gems/ruby-1.8.7-p334/gems/activerecord-2.3.18/lib/active_record/query_cache.rb:9:in `cache'
    /home/claudio/.rvm/gems/ruby-1.8.7-p334/gems/activerecord-2.3.18/lib/active_record/query_cache.rb:28:in `call'
    /home/claudio/.rvm/gems/ruby-1.8.7-p334/gems/activerecord-2.3.18/lib/active_record/connection_adapters/abstract/connection_pool.rb:361:in `call'
    /home/claudio/.rvm/gems/ruby-1.8.7-p334/gems/actionpack-2.3.18/lib/action_controller/string_coercion.rb:25:in `call'
    /home/claudio/.rvm/gems/ruby-1.8.7-p334/gems/rack-1.1.6/lib/rack/head.rb:9:in `call'
    /home/claudio/.rvm/gems/ruby-1.8.7-p334/gems/rack-1.1.6/lib/rack/methodoverride.rb:24:in `call'
    /home/claudio/.rvm/gems/ruby-1.8.7-p334/gems/actionpack-2.3.18/lib/action_controller/params_parser.rb:15:in `call'
    /home/claudio/.rvm/gems/ruby-1.8.7-p334/gems/actionpack-2.3.18/lib/action_controller/session/cookie_store.rb:99:in `call'
    /home/claudio/.rvm/gems/ruby-1.8.7-p334/gems/actionpack-2.3.18/lib/action_controller/failsafe.rb:26:in `call'
    /home/claudio/.rvm/gems/ruby-1.8.7-p334/gems/rack-1.1.6/lib/rack/lock.rb:11:in `call'
    /home/claudio/.rvm/gems/ruby-1.8.7-p334/gems/rack-1.1.6/lib/rack/lock.rb:11:in `synchronize'
    /home/claudio/.rvm/gems/ruby-1.8.7-p334/gems/rack-1.1.6/lib/rack/lock.rb:11:in `call'
    /home/claudio/.rvm/gems/ruby-1.8.7-p334/gems/actionpack-2.3.18/lib/action_controller/dispatcher.rb:114:in `call'
    /home/claudio/.rvm/gems/ruby-1.8.7-p334/gems/actionpack-2.3.18/lib/action_controller/reloader.rb:34:in `run'
    /home/claudio/.rvm/gems/ruby-1.8.7-p334/gems/actionpack-2.3.18/lib/action_controller/dispatcher.rb:108:in `call'
    /home/claudio/.rvm/gems/ruby-1.8.7-p334/gems/rails-2.3.18/lib/rails/rack/static.rb:31:in `call'
    /home/claudio/.rvm/gems/ruby-1.8.7-p334/gems/rack-1.1.6/lib/rack/urlmap.rb:47:in `call'
    /home/claudio/.rvm/gems/ruby-1.8.7-p334/gems/rack-1.1.6/lib/rack/urlmap.rb:41:in `each'
    /home/claudio/.rvm/gems/ruby-1.8.7-p334/gems/rack-1.1.6/lib/rack/urlmap.rb:41:in `call'
    /home/claudio/.rvm/gems/ruby-1.8.7-p334/gems/rails-2.3.18/lib/rails/rack/log_tailer.rb:17:in `call'
    /home/claudio/.rvm/gems/ruby-1.8.7-p334/gems/rack-1.1.6/lib/rack/content_length.rb:13:in `call'
    /home/claudio/.rvm/gems/ruby-1.8.7-p334/gems/rack-1.1.6/lib/rack/handler/webrick.rb:48:in `service'
    /home/claudio/.rvm/rubies/ruby-1.8.7-p334/lib/ruby/1.8/webrick/httpserver.rb:104:in `service'
    /home/claudio/.rvm/rubies/ruby-1.8.7-p334/lib/ruby/1.8/webrick/httpserver.rb:65:in `run'
    /home/claudio/.rvm/rubies/ruby-1.8.7-p334/lib/ruby/1.8/webrick/server.rb:173:in `start_thread'
    /home/claudio/.rvm/rubies/ruby-1.8.7-p334/lib/ruby/1.8/webrick/server.rb:162:in `start'
    /home/claudio/.rvm/rubies/ruby-1.8.7-p334/lib/ruby/1.8/webrick/server.rb:162:in `start_thread'
    /home/claudio/.rvm/rubies/ruby-1.8.7-p334/lib/ruby/1.8/webrick/server.rb:95:in `start'
    /home/claudio/.rvm/rubies/ruby-1.8.7-p334/lib/ruby/1.8/webrick/server.rb:92:in `each'
    /home/claudio/.rvm/rubies/ruby-1.8.7-p334/lib/ruby/1.8/webrick/server.rb:92:in `start'
    /home/claudio/.rvm/rubies/ruby-1.8.7-p334/lib/ruby/1.8/webrick/server.rb:23:in `start'
    /home/claudio/.rvm/rubies/ruby-1.8.7-p334/lib/ruby/1.8/webrick/server.rb:82:in `start'
    /home/claudio/.rvm/gems/ruby-1.8.7-p334/gems/rack-1.1.6/lib/rack/handler/webrick.rb:14:in `run'
    /home/claudio/.rvm/gems/ruby-1.8.7-p334/gems/rails-2.3.18/lib/commands/server.rb:111
    /home/claudio/.rvm/rubies/ruby-1.8.7-p334/lib/ruby/site_ruby/1.8/rubygems/custom_require.rb:36:in `gem_original_require'
    /home/claudio/.rvm/rubies/ruby-1.8.7-p334/lib/ruby/site_ruby/1.8/rubygems/custom_require.rb:36:in `require'
    script/server:3
/!\ FAILSAFE /!\  Thu Sep 11 04:50:07 -0300 2014
  Status: 500 Internal Server Error
  no such file to load -- mysql
    /home/claudio/.rvm/rubies/ruby-1.8.7-p334/lib/ruby/site_ruby/1.8/rubygems/custom_require.rb:36:in `gem_original_require'
    /home/claudio/.rvm/rubies/ruby-1.8.7-p334/lib/ruby/site_ruby/1.8/rubygems/custom_require.rb:36:in `require'
    /home/claudio/.rvm/gems/ruby-1.8.7-p334/gems/activesupport-2.3.18/lib/active_support/dependencies.rb:182:in `require'
    /home/claudio/.rvm/gems/ruby-1.8.7-p334/gems/activesupport-2.3.18/lib/active_support/dependencies.rb:547:in `new_constants_in'
    /home/claudio/.rvm/gems/ruby-1.8.7-p334/gems/activesupport-2.3.18/lib/active_support/dependencies.rb:182:in `require'
    /home/claudio/.rvm/gems/ruby-1.8.7-p334/gems/activesupport-2.3.18/lib/active_support/core_ext/kernel/requires.rb:7:in `require_library_or_gem'
    /home/claudio/.rvm/gems/ruby-1.8.7-p334/gems/activesupport-2.3.18/lib/active_support/core_ext/kernel/reporting.rb:11:in `silence_warnings'
    /home/claudio/.rvm/gems/ruby-1.8.7-p334/gems/activesupport-2.3.18/lib/active_support/core_ext/kernel/requires.rb:5:in `require_library_or_gem'
    /home/claudio/.rvm/gems/ruby-1.8.7-p334/gems/activerecord-2.3.18/lib/active_record/connection_adapters/mysql_adapter.rb:61:in `mysql_connection'
    /home/claudio/.rvm/gems/ruby-1.8.7-p334/gems/activerecord-2.3.18/lib/active_record/connection_adapters/abstract/connection_pool.rb:223:in `send'
    /home/claudio/.rvm/gems/ruby-1.8.7-p334/gems/activerecord-2.3.18/lib/active_record/connection_adapters/abstract/connection_pool.rb:223:in `new_connection'
    /home/claudio/.rvm/gems/ruby-1.8.7-p334/gems/activerecord-2.3.18/lib/active_record/connection_adapters/abstract/connection_pool.rb:245:in `checkout_new_connection'
    /home/claudio/.rvm/gems/ruby-1.8.7-p334/gems/activerecord-2.3.18/lib/active_record/connection_adapters/abstract/connection_pool.rb:188:in `checkout'
    /home/claudio/.rvm/gems/ruby-1.8.7-p334/gems/activerecord-2.3.18/lib/active_record/connection_adapters/abstract/connection_pool.rb:184:in `loop'
    /home/claudio/.rvm/gems/ruby-1.8.7-p334/gems/activerecord-2.3.18/lib/active_record/connection_adapters/abstract/connection_pool.rb:184:in `checkout'
    /home/claudio/.rvm/rubies/ruby-1.8.7-p334/lib/ruby/1.8/monitor.rb:242:in `synchronize'
    /home/claudio/.rvm/gems/ruby-1.8.7-p334/gems/activerecord-2.3.18/lib/active_record/connection_adapters/abstract/connection_pool.rb:183:in `checkout'
    /home/claudio/.rvm/gems/ruby-1.8.7-p334/gems/activerecord-2.3.18/lib/active_record/connection_adapters/abstract/connection_pool.rb:98:in `connection'
    /home/claudio/.rvm/gems/ruby-1.8.7-p334/gems/activerecord-2.3.18/lib/active_record/connection_adapters/abstract/connection_pool.rb:326:in `retrieve_connection'
    /home/claudio/.rvm/gems/ruby-1.8.7-p334/gems/activerecord-2.3.18/lib/active_record/connection_adapters/abstract/connection_specification.rb:123:in `retrieve_connection'
    /home/claudio/.rvm/gems/ruby-1.8.7-p334/gems/activerecord-2.3.18/lib/active_record/connection_adapters/abstract/connection_specification.rb:115:in `connection'
    /home/claudio/.rvm/gems/ruby-1.8.7-p334/gems/activerecord-2.3.18/lib/active_record/query_cache.rb:9:in `cache'
    /home/claudio/.rvm/gems/ruby-1.8.7-p334/gems/activerecord-2.3.18/lib/active_record/query_cache.rb:28:in `call'
    /home/claudio/.rvm/gems/ruby-1.8.7-p334/gems/activerecord-2.3.18/lib/active_record/connection_adapters/abstract/connection_pool.rb:361:in `call'
    /home/claudio/.rvm/gems/ruby-1.8.7-p334/gems/actionpack-2.3.18/lib/action_controller/string_coercion.rb:25:in `call'
    /home/claudio/.rvm/gems/ruby-1.8.7-p334/gems/rack-1.1.6/lib/rack/head.rb:9:in `call'
    /home/claudio/.rvm/gems/ruby-1.8.7-p334/gems/rack-1.1.6/lib/rack/methodoverride.rb:24:in `call'
    /home/claudio/.rvm/gems/ruby-1.8.7-p334/gems/actionpack-2.3.18/lib/action_controller/params_parser.rb:15:in `call'
    /home/claudio/.rvm/gems/ruby-1.8.7-p334/gems/actionpack-2.3.18/lib/action_controller/session/cookie_store.rb:99:in `call'
    /home/claudio/.rvm/gems/ruby-1.8.7-p334/gems/actionpack-2.3.18/lib/action_controller/failsafe.rb:26:in `call'
    /home/claudio/.rvm/gems/ruby-1.8.7-p334/gems/rack-1.1.6/lib/rack/lock.rb:11:in `call'
    /home/claudio/.rvm/gems/ruby-1.8.7-p334/gems/rack-1.1.6/lib/rack/lock.rb:11:in `synchronize'
    /home/claudio/.rvm/gems/ruby-1.8.7-p334/gems/rack-1.1.6/lib/rack/lock.rb:11:in `call'
    /home/claudio/.rvm/gems/ruby-1.8.7-p334/gems/actionpack-2.3.18/lib/action_controller/dispatcher.rb:114:in `call'
    /home/claudio/.rvm/gems/ruby-1.8.7-p334/gems/actionpack-2.3.18/lib/action_controller/reloader.rb:34:in `run'
    /home/claudio/.rvm/gems/ruby-1.8.7-p334/gems/actionpack-2.3.18/lib/action_controller/dispatcher.rb:108:in `call'
    /home/claudio/.rvm/gems/ruby-1.8.7-p334/gems/rails-2.3.18/lib/rails/rack/static.rb:31:in `call'
    /home/claudio/.rvm/gems/ruby-1.8.7-p334/gems/rack-1.1.6/lib/rack/urlmap.rb:47:in `call'
    /home/claudio/.rvm/gems/ruby-1.8.7-p334/gems/rack-1.1.6/lib/rack/urlmap.rb:41:in `each'
    /home/claudio/.rvm/gems/ruby-1.8.7-p334/gems/rack-1.1.6/lib/rack/urlmap.rb:41:in `call'
    /home/claudio/.rvm/gems/ruby-1.8.7-p334/gems/rails-2.3.18/lib/rails/rack/log_tailer.rb:17:in `call'
    /home/claudio/.rvm/gems/ruby-1.8.7-p334/gems/rack-1.1.6/lib/rack/content_length.rb:13:in `call'
    /home/claudio/.rvm/gems/ruby-1.8.7-p334/gems/rack-1.1.6/lib/rack/handler/webrick.rb:48:in `service'
    /home/claudio/.rvm/rubies/ruby-1.8.7-p334/lib/ruby/1.8/webrick/httpserver.rb:104:in `service'
    /home/claudio/.rvm/rubies/ruby-1.8.7-p334/lib/ruby/1.8/webrick/httpserver.rb:65:in `run'
    /home/claudio/.rvm/rubies/ruby-1.8.7-p334/lib/ruby/1.8/webrick/server.rb:173:in `start_thread'
    /home/claudio/.rvm/rubies/ruby-1.8.7-p334/lib/ruby/1.8/webrick/server.rb:162:in `start'
    /home/claudio/.rvm/rubies/ruby-1.8.7-p334/lib/ruby/1.8/webrick/server.rb:162:in `start_thread'
    /home/claudio/.rvm/rubies/ruby-1.8.7-p334/lib/ruby/1.8/webrick/server.rb:95:in `start'
    /home/claudio/.rvm/rubies/ruby-1.8.7-p334/lib/ruby/1.8/webrick/server.rb:92:in `each'
    /home/claudio/.rvm/rubies/ruby-1.8.7-p334/lib/ruby/1.8/webrick/server.rb:92:in `start'
    /home/claudio/.rvm/rubies/ruby-1.8.7-p334/lib/ruby/1.8/webrick/server.rb:23:in `start'
    /home/claudio/.rvm/rubies/ruby-1.8.7-p334/lib/ruby/1.8/webrick/server.rb:82:in `start'
    /home/claudio/.rvm/gems/ruby-1.8.7-p334/gems/rack-1.1.6/lib/rack/handler/webrick.rb:14:in `run'
    /home/claudio/.rvm/gems/ruby-1.8.7-p334/gems/rails-2.3.18/lib/commands/server.rb:111
    /home/claudio/.rvm/rubies/ruby-1.8.7-p334/lib/ruby/site_ruby/1.8/rubygems/custom_require.rb:36:in `gem_original_require'
    /home/claudio/.rvm/rubies/ruby-1.8.7-p334/lib/ruby/site_ruby/1.8/rubygems/custom_require.rb:36:in `require'
    script/server:3
  [4;36;1mSQL (0.1ms)[0m   [0;1mSET NAMES 'utf8'[0m
  [4;35;1mSQL (0.1ms)[0m   [0mSET SQL_AUTO_IS_NULL=0[0m


Processing ApiController#test (for 127.0.0.1 at 2014-09-11 04:50:41) [GET]
Rendering api/test
Completed in 76ms (View: 74, DB: 0) | 200 OK [http://localhost/api/test]
  [4;36;1mSQL (0.1ms)[0m   [0;1mSET NAMES 'utf8'[0m
  [4;35;1mSQL (0.1ms)[0m   [0mSET SQL_AUTO_IS_NULL=0[0m


Processing ApiController#test (for 127.0.0.1 at 2014-09-11 04:55:05) [GET]
Rendering api/test
Completed in 2ms (View: 1, DB: 0) | 200 OK [http://localhost/]
  [4;36;1mSQL (0.3ms)[0m   [0;1mSET NAMES 'utf8'[0m
  [4;35;1mSQL (0.2ms)[0m   [0mSET SQL_AUTO_IS_NULL=0[0m


Processing ApplicationController#test (for 127.0.0.1 at 2014-09-11 04:57:56) [GET]

MissingSourceFile (no such file to load -- json):
  app/controllers/api_controller.rb:4
  /home/claudio/.rvm/rubies/ruby-1.8.7-p334/lib/ruby/1.8/webrick/httpserver.rb:104:in `service'
  /home/claudio/.rvm/rubies/ruby-1.8.7-p334/lib/ruby/1.8/webrick/httpserver.rb:65:in `run'
  /home/claudio/.rvm/rubies/ruby-1.8.7-p334/lib/ruby/1.8/webrick/server.rb:173:in `start_thread'
  /home/claudio/.rvm/rubies/ruby-1.8.7-p334/lib/ruby/1.8/webrick/server.rb:162:in `start'
  /home/claudio/.rvm/rubies/ruby-1.8.7-p334/lib/ruby/1.8/webrick/server.rb:162:in `start_thread'
  /home/claudio/.rvm/rubies/ruby-1.8.7-p334/lib/ruby/1.8/webrick/server.rb:95:in `start'
  /home/claudio/.rvm/rubies/ruby-1.8.7-p334/lib/ruby/1.8/webrick/server.rb:92:in `each'
  /home/claudio/.rvm/rubies/ruby-1.8.7-p334/lib/ruby/1.8/webrick/server.rb:92:in `start'
  /home/claudio/.rvm/rubies/ruby-1.8.7-p334/lib/ruby/1.8/webrick/server.rb:23:in `start'
  /home/claudio/.rvm/rubies/ruby-1.8.7-p334/lib/ruby/1.8/webrick/server.rb:82:in `start'

Rendered rescues/_trace (79.6ms)
Rendered rescues/_request_and_response (1.3ms)
Rendering rescues/layout (internal_server_error)
