/!\ FAILSAFE /!\  Thu Sep 11 03:41:00 -0500 2014
  Status: 500 Internal Server Error
  Can't connect to local MySQL server through socket '/var/run/mysqld/mysqld.sock' (2)
    /usr/lib/ruby/gems/1.8/gems/activerecord-2.3.18/lib/active_record/connection_adapters/mysql_adapter.rb:620:in `real_connect'
    /usr/lib/ruby/gems/1.8/gems/activerecord-2.3.18/lib/active_record/connection_adapters/mysql_adapter.rb:620:in `connect'
    /usr/lib/ruby/gems/1.8/gems/activerecord-2.3.18/lib/active_record/connection_adapters/mysql_adapter.rb:203:in `initialize'
    /usr/lib/ruby/gems/1.8/gems/activerecord-2.3.18/lib/active_record/connection_adapters/mysql_adapter.rb:75:in `new'
    /usr/lib/ruby/gems/1.8/gems/activerecord-2.3.18/lib/active_record/connection_adapters/mysql_adapter.rb:75:in `mysql_connection'
    /usr/lib/ruby/gems/1.8/gems/activerecord-2.3.18/lib/active_record/connection_adapters/abstract/connection_pool.rb:223:in `send'
    /usr/lib/ruby/gems/1.8/gems/activerecord-2.3.18/lib/active_record/connection_adapters/abstract/connection_pool.rb:223:in `new_connection'
    /usr/lib/ruby/gems/1.8/gems/activerecord-2.3.18/lib/active_record/connection_adapters/abstract/connection_pool.rb:245:in `checkout_new_connection'
    /usr/lib/ruby/gems/1.8/gems/activerecord-2.3.18/lib/active_record/connection_adapters/abstract/connection_pool.rb:188:in `checkout'
    /usr/lib/ruby/gems/1.8/gems/activerecord-2.3.18/lib/active_record/connection_adapters/abstract/connection_pool.rb:184:in `loop'
    /usr/lib/ruby/gems/1.8/gems/activerecord-2.3.18/lib/active_record/connection_adapters/abstract/connection_pool.rb:184:in `checkout'
    /usr/lib/ruby/1.8/monitor.rb:242:in `synchronize'
    /usr/lib/ruby/gems/1.8/gems/activerecord-2.3.18/lib/active_record/connection_adapters/abstract/connection_pool.rb:183:in `checkout'
    /usr/lib/ruby/gems/1.8/gems/activerecord-2.3.18/lib/active_record/connection_adapters/abstract/connection_pool.rb:98:in `connection'
    /usr/lib/ruby/gems/1.8/gems/activerecord-2.3.18/lib/active_record/connection_adapters/abstract/connection_pool.rb:326:in `retrieve_connection'
    /usr/lib/ruby/gems/1.8/gems/activerecord-2.3.18/lib/active_record/connection_adapters/abstract/connection_specification.rb:123:in `retrieve_connection'
    /usr/lib/ruby/gems/1.8/gems/activerecord-2.3.18/lib/active_record/connection_adapters/abstract/connection_specification.rb:115:in `connection'
    /usr/lib/ruby/gems/1.8/gems/activerecord-2.3.18/lib/active_record/query_cache.rb:9:in `cache'
    /usr/lib/ruby/gems/1.8/gems/activerecord-2.3.18/lib/active_record/query_cache.rb:28:in `call'
    /usr/lib/ruby/gems/1.8/gems/activerecord-2.3.18/lib/active_record/connection_adapters/abstract/connection_pool.rb:361:in `call'
    /usr/lib/ruby/gems/1.8/gems/actionpack-2.3.18/lib/action_controller/string_coercion.rb:25:in `call'
    /usr/lib/ruby/gems/1.8/gems/rack-1.1.3/lib/rack/head.rb:9:in `call'
    /usr/lib/ruby/gems/1.8/gems/rack-1.1.3/lib/rack/methodoverride.rb:24:in `call'
    /usr/lib/ruby/gems/1.8/gems/actionpack-2.3.18/lib/action_controller/params_parser.rb:15:in `call'
    /usr/lib/ruby/gems/1.8/gems/actionpack-2.3.18/lib/action_controller/session/cookie_store.rb:99:in `call'
    /usr/lib/ruby/gems/1.8/gems/actionpack-2.3.18/lib/action_controller/failsafe.rb:26:in `call'
    /usr/lib/ruby/gems/1.8/gems/rack-1.1.3/lib/rack/lock.rb:11:in `call'
    /usr/lib/ruby/gems/1.8/gems/rack-1.1.3/lib/rack/lock.rb:11:in `synchronize'
    /usr/lib/ruby/gems/1.8/gems/rack-1.1.3/lib/rack/lock.rb:11:in `call'
    /usr/lib/ruby/gems/1.8/gems/actionpack-2.3.18/lib/action_controller/dispatcher.rb:106:in `call'
    /usr/lib/ruby/gems/1.8/gems/actionpack-2.3.18/lib/action_controller/cgi_process.rb:44:in `dispatch_cgi'
    /usr/lib/ruby/gems/1.8/gems/actionpack-2.3.18/lib/action_controller/dispatcher.rb:101:in `dispatch_cgi'
    /usr/lib/ruby/gems/1.8/gems/actionpack-2.3.18/lib/action_controller/dispatcher.rb:27:in `dispatch'
    /usr/lib/ruby/gems/1.8/gems/mongrel-1.1.5/bin/../lib/mongrel/rails.rb:76:in `process'
    /usr/lib/ruby/gems/1.8/gems/mongrel-1.1.5/bin/../lib/mongrel/rails.rb:74:in `synchronize'
    /usr/lib/ruby/gems/1.8/gems/mongrel-1.1.5/bin/../lib/mongrel/rails.rb:74:in `process'
    /usr/lib/ruby/gems/1.8/gems/mongrel-1.1.5/bin/../lib/mongrel.rb:159:in `process_client'
    /usr/lib/ruby/gems/1.8/gems/mongrel-1.1.5/bin/../lib/mongrel.rb:158:in `each'
    /usr/lib/ruby/gems/1.8/gems/mongrel-1.1.5/bin/../lib/mongrel.rb:158:in `process_client'
    /usr/lib/ruby/gems/1.8/gems/mongrel-1.1.5/bin/../lib/mongrel.rb:285:in `run'
    /usr/lib/ruby/gems/1.8/gems/mongrel-1.1.5/bin/../lib/mongrel.rb:285:in `initialize'
    /usr/lib/ruby/gems/1.8/gems/mongrel-1.1.5/bin/../lib/mongrel.rb:285:in `new'
    /usr/lib/ruby/gems/1.8/gems/mongrel-1.1.5/bin/../lib/mongrel.rb:285:in `run'
    /usr/lib/ruby/gems/1.8/gems/mongrel-1.1.5/bin/../lib/mongrel.rb:268:in `initialize'
    /usr/lib/ruby/gems/1.8/gems/mongrel-1.1.5/bin/../lib/mongrel.rb:268:in `new'
    /usr/lib/ruby/gems/1.8/gems/mongrel-1.1.5/bin/../lib/mongrel.rb:268:in `run'
    /usr/lib/ruby/gems/1.8/gems/mongrel-1.1.5/bin/../lib/mongrel/configurator.rb:282:in `run'
    /usr/lib/ruby/gems/1.8/gems/mongrel-1.1.5/bin/../lib/mongrel/configurator.rb:281:in `each'
    /usr/lib/ruby/gems/1.8/gems/mongrel-1.1.5/bin/../lib/mongrel/configurator.rb:281:in `run'
    /usr/lib/ruby/gems/1.8/gems/mongrel-1.1.5/bin/mongrel_rails:128:in `run'
    /usr/lib/ruby/gems/1.8/gems/mongrel-1.1.5/bin/../lib/mongrel/command.rb:212:in `run'
    /usr/lib/ruby/gems/1.8/gems/mongrel-1.1.5/bin/mongrel_rails:281
    /usr/bin/mongrel_rails:19:in `load'
    /usr/bin/mongrel_rails:19
/!\ FAILSAFE /!\  Thu Sep 11 03:41:52 -0500 2014
  Status: 500 Internal Server Error
  Can't connect to local MySQL server through socket '/var/run/mysqld/mysqld.sock' (2)
    /usr/lib/ruby/gems/1.8/gems/activerecord-2.3.18/lib/active_record/connection_adapters/mysql_adapter.rb:620:in `real_connect'
    /usr/lib/ruby/gems/1.8/gems/activerecord-2.3.18/lib/active_record/connection_adapters/mysql_adapter.rb:620:in `connect'
    /usr/lib/ruby/gems/1.8/gems/activerecord-2.3.18/lib/active_record/connection_adapters/mysql_adapter.rb:203:in `initialize'
    /usr/lib/ruby/gems/1.8/gems/activerecord-2.3.18/lib/active_record/connection_adapters/mysql_adapter.rb:75:in `new'
    /usr/lib/ruby/gems/1.8/gems/activerecord-2.3.18/lib/active_record/connection_adapters/mysql_adapter.rb:75:in `mysql_connection'
    /usr/lib/ruby/gems/1.8/gems/activerecord-2.3.18/lib/active_record/connection_adapters/abstract/connection_pool.rb:223:in `send'
    /usr/lib/ruby/gems/1.8/gems/activerecord-2.3.18/lib/active_record/connection_adapters/abstract/connection_pool.rb:223:in `new_connection'
    /usr/lib/ruby/gems/1.8/gems/activerecord-2.3.18/lib/active_record/connection_adapters/abstract/connection_pool.rb:245:in `checkout_new_connection'
    /usr/lib/ruby/gems/1.8/gems/activerecord-2.3.18/lib/active_record/connection_adapters/abstract/connection_pool.rb:188:in `checkout'
    /usr/lib/ruby/gems/1.8/gems/activerecord-2.3.18/lib/active_record/connection_adapters/abstract/connection_pool.rb:184:in `loop'
    /usr/lib/ruby/gems/1.8/gems/activerecord-2.3.18/lib/active_record/connection_adapters/abstract/connection_pool.rb:184:in `checkout'
    /usr/lib/ruby/1.8/monitor.rb:242:in `synchronize'
    /usr/lib/ruby/gems/1.8/gems/activerecord-2.3.18/lib/active_record/connection_adapters/abstract/connection_pool.rb:183:in `checkout'
    /usr/lib/ruby/gems/1.8/gems/activerecord-2.3.18/lib/active_record/connection_adapters/abstract/connection_pool.rb:98:in `connection'
    /usr/lib/ruby/gems/1.8/gems/activerecord-2.3.18/lib/active_record/connection_adapters/abstract/connection_pool.rb:326:in `retrieve_connection'
    /usr/lib/ruby/gems/1.8/gems/activerecord-2.3.18/lib/active_record/connection_adapters/abstract/connection_specification.rb:123:in `retrieve_connection'
    /usr/lib/ruby/gems/1.8/gems/activerecord-2.3.18/lib/active_record/connection_adapters/abstract/connection_specification.rb:115:in `connection'
    /usr/lib/ruby/gems/1.8/gems/activerecord-2.3.18/lib/active_record/query_cache.rb:9:in `cache'
    /usr/lib/ruby/gems/1.8/gems/activerecord-2.3.18/lib/active_record/query_cache.rb:28:in `call'
    /usr/lib/ruby/gems/1.8/gems/activerecord-2.3.18/lib/active_record/connection_adapters/abstract/connection_pool.rb:361:in `call'
    /usr/lib/ruby/gems/1.8/gems/actionpack-2.3.18/lib/action_controller/string_coercion.rb:25:in `call'
    /usr/lib/ruby/gems/1.8/gems/rack-1.1.3/lib/rack/head.rb:9:in `call'
    /usr/lib/ruby/gems/1.8/gems/rack-1.1.3/lib/rack/methodoverride.rb:24:in `call'
    /usr/lib/ruby/gems/1.8/gems/actionpack-2.3.18/lib/action_controller/params_parser.rb:15:in `call'
    /usr/lib/ruby/gems/1.8/gems/actionpack-2.3.18/lib/action_controller/session/cookie_store.rb:99:in `call'
    /usr/lib/ruby/gems/1.8/gems/actionpack-2.3.18/lib/action_controller/failsafe.rb:26:in `call'
    /usr/lib/ruby/gems/1.8/gems/rack-1.1.3/lib/rack/lock.rb:11:in `call'
    /usr/lib/ruby/gems/1.8/gems/rack-1.1.3/lib/rack/lock.rb:11:in `synchronize'
    /usr/lib/ruby/gems/1.8/gems/rack-1.1.3/lib/rack/lock.rb:11:in `call'
    /usr/lib/ruby/gems/1.8/gems/actionpack-2.3.18/lib/action_controller/dispatcher.rb:106:in `call'
    /usr/lib/ruby/gems/1.8/gems/actionpack-2.3.18/lib/action_controller/cgi_process.rb:44:in `dispatch_cgi'
    /usr/lib/ruby/gems/1.8/gems/actionpack-2.3.18/lib/action_controller/dispatcher.rb:101:in `dispatch_cgi'
    /usr/lib/ruby/gems/1.8/gems/actionpack-2.3.18/lib/action_controller/dispatcher.rb:27:in `dispatch'
    /usr/lib/ruby/gems/1.8/gems/mongrel-1.1.5/bin/../lib/mongrel/rails.rb:76:in `process'
    /usr/lib/ruby/gems/1.8/gems/mongrel-1.1.5/bin/../lib/mongrel/rails.rb:74:in `synchronize'
    /usr/lib/ruby/gems/1.8/gems/mongrel-1.1.5/bin/../lib/mongrel/rails.rb:74:in `process'
    /usr/lib/ruby/gems/1.8/gems/mongrel-1.1.5/bin/../lib/mongrel.rb:159:in `process_client'
    /usr/lib/ruby/gems/1.8/gems/mongrel-1.1.5/bin/../lib/mongrel.rb:158:in `each'
    /usr/lib/ruby/gems/1.8/gems/mongrel-1.1.5/bin/../lib/mongrel.rb:158:in `process_client'
    /usr/lib/ruby/gems/1.8/gems/mongrel-1.1.5/bin/../lib/mongrel.rb:285:in `run'
    /usr/lib/ruby/gems/1.8/gems/mongrel-1.1.5/bin/../lib/mongrel.rb:285:in `initialize'
    /usr/lib/ruby/gems/1.8/gems/mongrel-1.1.5/bin/../lib/mongrel.rb:285:in `new'
    /usr/lib/ruby/gems/1.8/gems/mongrel-1.1.5/bin/../lib/mongrel.rb:285:in `run'
    /usr/lib/ruby/gems/1.8/gems/mongrel-1.1.5/bin/../lib/mongrel.rb:268:in `initialize'
    /usr/lib/ruby/gems/1.8/gems/mongrel-1.1.5/bin/../lib/mongrel.rb:268:in `new'
    /usr/lib/ruby/gems/1.8/gems/mongrel-1.1.5/bin/../lib/mongrel.rb:268:in `run'
    /usr/lib/ruby/gems/1.8/gems/mongrel-1.1.5/bin/../lib/mongrel/configurator.rb:282:in `run'
    /usr/lib/ruby/gems/1.8/gems/mongrel-1.1.5/bin/../lib/mongrel/configurator.rb:281:in `each'
    /usr/lib/ruby/gems/1.8/gems/mongrel-1.1.5/bin/../lib/mongrel/configurator.rb:281:in `run'
    /usr/lib/ruby/gems/1.8/gems/mongrel-1.1.5/bin/mongrel_rails:128:in `run'
    /usr/lib/ruby/gems/1.8/gems/mongrel-1.1.5/bin/../lib/mongrel/command.rb:212:in `run'
    /usr/lib/ruby/gems/1.8/gems/mongrel-1.1.5/bin/mongrel_rails:281
    /usr/bin/mongrel_rails:19:in `load'
    /usr/bin/mongrel_rails:19
/!\ FAILSAFE /!\  Thu Sep 11 03:43:43 -0500 2014
  Status: 500 Internal Server Error
  Can't connect to local MySQL server through socket '/var/run/mysqld/mysqld.sock' (2)
    /usr/lib/ruby/gems/1.8/gems/activerecord-2.3.18/lib/active_record/connection_adapters/mysql_adapter.rb:620:in `real_connect'
    /usr/lib/ruby/gems/1.8/gems/activerecord-2.3.18/lib/active_record/connection_adapters/mysql_adapter.rb:620:in `connect'
    /usr/lib/ruby/gems/1.8/gems/activerecord-2.3.18/lib/active_record/connection_adapters/mysql_adapter.rb:203:in `initialize'
    /usr/lib/ruby/gems/1.8/gems/activerecord-2.3.18/lib/active_record/connection_adapters/mysql_adapter.rb:75:in `new'
    /usr/lib/ruby/gems/1.8/gems/activerecord-2.3.18/lib/active_record/connection_adapters/mysql_adapter.rb:75:in `mysql_connection'
    /usr/lib/ruby/gems/1.8/gems/activerecord-2.3.18/lib/active_record/connection_adapters/abstract/connection_pool.rb:223:in `send'
    /usr/lib/ruby/gems/1.8/gems/activerecord-2.3.18/lib/active_record/connection_adapters/abstract/connection_pool.rb:223:in `new_connection'
    /usr/lib/ruby/gems/1.8/gems/activerecord-2.3.18/lib/active_record/connection_adapters/abstract/connection_pool.rb:245:in `checkout_new_connection'
    /usr/lib/ruby/gems/1.8/gems/activerecord-2.3.18/lib/active_record/connection_adapters/abstract/connection_pool.rb:188:in `checkout'
    /usr/lib/ruby/gems/1.8/gems/activerecord-2.3.18/lib/active_record/connection_adapters/abstract/connection_pool.rb:184:in `loop'
    /usr/lib/ruby/gems/1.8/gems/activerecord-2.3.18/lib/active_record/connection_adapters/abstract/connection_pool.rb:184:in `checkout'
    /usr/lib/ruby/1.8/monitor.rb:242:in `synchronize'
    /usr/lib/ruby/gems/1.8/gems/activerecord-2.3.18/lib/active_record/connection_adapters/abstract/connection_pool.rb:183:in `checkout'
    /usr/lib/ruby/gems/1.8/gems/activerecord-2.3.18/lib/active_record/connection_adapters/abstract/connection_pool.rb:98:in `connection'
    /usr/lib/ruby/gems/1.8/gems/activerecord-2.3.18/lib/active_record/connection_adapters/abstract/connection_pool.rb:326:in `retrieve_connection'
    /usr/lib/ruby/gems/1.8/gems/activerecord-2.3.18/lib/active_record/connection_adapters/abstract/connection_specification.rb:123:in `retrieve_connection'
    /usr/lib/ruby/gems/1.8/gems/activerecord-2.3.18/lib/active_record/connection_adapters/abstract/connection_specification.rb:115:in `connection'
    /usr/lib/ruby/gems/1.8/gems/activerecord-2.3.18/lib/active_record/query_cache.rb:9:in `cache'
    /usr/lib/ruby/gems/1.8/gems/activerecord-2.3.18/lib/active_record/query_cache.rb:28:in `call'
    /usr/lib/ruby/gems/1.8/gems/activerecord-2.3.18/lib/active_record/connection_adapters/abstract/connection_pool.rb:361:in `call'
    /usr/lib/ruby/gems/1.8/gems/actionpack-2.3.18/lib/action_controller/string_coercion.rb:25:in `call'
    /usr/lib/ruby/gems/1.8/gems/rack-1.1.3/lib/rack/head.rb:9:in `call'
    /usr/lib/ruby/gems/1.8/gems/rack-1.1.3/lib/rack/methodoverride.rb:24:in `call'
    /usr/lib/ruby/gems/1.8/gems/actionpack-2.3.18/lib/action_controller/params_parser.rb:15:in `call'
    /usr/lib/ruby/gems/1.8/gems/actionpack-2.3.18/lib/action_controller/session/cookie_store.rb:99:in `call'
    /usr/lib/ruby/gems/1.8/gems/actionpack-2.3.18/lib/action_controller/failsafe.rb:26:in `call'
    /usr/lib/ruby/gems/1.8/gems/rack-1.1.3/lib/rack/lock.rb:11:in `call'
    /usr/lib/ruby/gems/1.8/gems/rack-1.1.3/lib/rack/lock.rb:11:in `synchronize'
    /usr/lib/ruby/gems/1.8/gems/rack-1.1.3/lib/rack/lock.rb:11:in `call'
    /usr/lib/ruby/gems/1.8/gems/actionpack-2.3.18/lib/action_controller/dispatcher.rb:106:in `call'
    /usr/lib/ruby/gems/1.8/gems/actionpack-2.3.18/lib/action_controller/cgi_process.rb:44:in `dispatch_cgi'
    /usr/lib/ruby/gems/1.8/gems/actionpack-2.3.18/lib/action_controller/dispatcher.rb:101:in `dispatch_cgi'
    /usr/lib/ruby/gems/1.8/gems/actionpack-2.3.18/lib/action_controller/dispatcher.rb:27:in `dispatch'
    /usr/lib/ruby/gems/1.8/gems/mongrel-1.1.5/bin/../lib/mongrel/rails.rb:76:in `process'
    /usr/lib/ruby/gems/1.8/gems/mongrel-1.1.5/bin/../lib/mongrel/rails.rb:74:in `synchronize'
    /usr/lib/ruby/gems/1.8/gems/mongrel-1.1.5/bin/../lib/mongrel/rails.rb:74:in `process'
    /usr/lib/ruby/gems/1.8/gems/mongrel-1.1.5/bin/../lib/mongrel.rb:159:in `process_client'
    /usr/lib/ruby/gems/1.8/gems/mongrel-1.1.5/bin/../lib/mongrel.rb:158:in `each'
    /usr/lib/ruby/gems/1.8/gems/mongrel-1.1.5/bin/../lib/mongrel.rb:158:in `process_client'
    /usr/lib/ruby/gems/1.8/gems/mongrel-1.1.5/bin/../lib/mongrel.rb:285:in `run'
    /usr/lib/ruby/gems/1.8/gems/mongrel-1.1.5/bin/../lib/mongrel.rb:285:in `initialize'
    /usr/lib/ruby/gems/1.8/gems/mongrel-1.1.5/bin/../lib/mongrel.rb:285:in `new'
    /usr/lib/ruby/gems/1.8/gems/mongrel-1.1.5/bin/../lib/mongrel.rb:285:in `run'
    /usr/lib/ruby/gems/1.8/gems/mongrel-1.1.5/bin/../lib/mongrel.rb:268:in `initialize'
    /usr/lib/ruby/gems/1.8/gems/mongrel-1.1.5/bin/../lib/mongrel.rb:268:in `new'
    /usr/lib/ruby/gems/1.8/gems/mongrel-1.1.5/bin/../lib/mongrel.rb:268:in `run'
    /usr/lib/ruby/gems/1.8/gems/mongrel-1.1.5/bin/../lib/mongrel/configurator.rb:282:in `run'
    /usr/lib/ruby/gems/1.8/gems/mongrel-1.1.5/bin/../lib/mongrel/configurator.rb:281:in `each'
    /usr/lib/ruby/gems/1.8/gems/mongrel-1.1.5/bin/../lib/mongrel/configurator.rb:281:in `run'
    /usr/lib/ruby/gems/1.8/gems/mongrel-1.1.5/bin/mongrel_rails:128:in `run'
    /usr/lib/ruby/gems/1.8/gems/mongrel-1.1.5/bin/../lib/mongrel/command.rb:212:in `run'
    /usr/lib/ruby/gems/1.8/gems/mongrel-1.1.5/bin/mongrel_rails:281
    /usr/bin/mongrel_rails:19:in `load'
    /usr/bin/mongrel_rails:19


Processing ApiController#test (for 190.46.26.176 at 2014-09-11 03:44:35) [GET]

TypeError (can't convert nil into String):
  json (1.7.4) lib/json/common.rb:155:in `initialize'
  json (1.7.4) lib/json/common.rb:155:in `new'
  json (1.7.4) lib/json/common.rb:155:in `parse'
  app/controllers/api_controller.rb:10:in `test'

Rendering /home/niufi/rails_apps/niufi/public/500.html (500 Internal Server Error)


Processing ApiController#test (for 190.46.26.176 at 2014-09-11 03:45:28) [POST]
  Parameters: {"data"=>"{\"secret\":\"foobar\",\"probing\":[{\"ap_mac\":\"00:18:0a:36:b6:2e\",\"client_mac\":\"8c:58:77:2c:f4:48 20:36:04.396 UTC 2013\",\"rssi\":\"27\"},{\"ap_mac\":\"00:18:0a:36:b6:2e\",\"client_mac\":\"8c:58:37:1d:f4:49 20:36:04.396 UTC 2013\",\"rssi\":\"22\"}]}"}
client 8c:58:77:2c:f4:48 20:36:04.396 UTC 2013 seen on ap 00:18:0a:36:b6:2e with rssi 27 at 
client 8c:58:37:1d:f4:49 20:36:04.396 UTC 2013 seen on ap 00:18:0a:36:b6:2e with rssi 22 at 
Rendering api/test
Completed in 15ms (View: 1, DB: 0) | 200 OK [http://niufi.net/]


Processing ApiController#test (for 190.46.26.176 at 2014-09-11 03:53:47) [GET]

TypeError (can't convert nil into String):
  json (1.7.4) lib/json/common.rb:155:in `initialize'
  json (1.7.4) lib/json/common.rb:155:in `new'
  json (1.7.4) lib/json/common.rb:155:in `parse'
  app/controllers/api_controller.rb:10:in `test'

Rendering /home/niufi/rails_apps/niufi/public/500.html (500 Internal Server Error)


Processing ApiController#test (for 173.252.101.119 at 2014-09-11 03:53:52) [GET]

TypeError (can't convert nil into String):
  json (1.7.4) lib/json/common.rb:155:in `initialize'
  json (1.7.4) lib/json/common.rb:155:in `new'
  json (1.7.4) lib/json/common.rb:155:in `parse'
  app/controllers/api_controller.rb:10:in `test'

Rendering /home/niufi/rails_apps/niufi/public/500.html (500 Internal Server Error)


Processing ApiController#test (for 190.46.26.176 at 2014-09-11 12:43:38) [GET]

TypeError (can't convert nil into String):
  json (1.7.4) lib/json/common.rb:155:in `initialize'
  json (1.7.4) lib/json/common.rb:155:in `new'
  json (1.7.4) lib/json/common.rb:155:in `parse'
  app/controllers/api_controller.rb:10:in `test'

Rendering /home/niufi/rails_apps/niufi/public/500.html (500 Internal Server Error)


Processing ApiController#test (for 190.46.26.176 at 2014-09-11 12:44:11) [POST]
  Parameters: {"data"=>"{\"secret\":\"foobar\",\"probing\":[{\"ap_mac\":\"00:18:0a:36:b6:2e\",\"client_mac\":\"8c:58:77:2c:f4:48 20:36:04.396 UTC 2013\",\"rssi\":\"27\"},{\"ap_mac\":\"00:18:0a:36:b6:2e\",\"client_mac\":\"8c:58:37:1d:f4:49 20:36:04.396 UTC 2013\",\"rssi\":\"22\"}]}"}
client 8c:58:77:2c:f4:48 20:36:04.396 UTC 2013 seen on ap 00:18:0a:36:b6:2e with rssi 27 at 
client 8c:58:37:1d:f4:49 20:36:04.396 UTC 2013 seen on ap 00:18:0a:36:b6:2e with rssi 22 at 
Rendering api/test
Completed in 1ms (View: 1, DB: 0) | 200 OK [http://niufi.net/]


Processing ApiController#test (for 190.46.26.176 at 2014-09-11 12:45:15) [GET]

TypeError (can't convert nil into String):
  json (1.7.4) lib/json/common.rb:155:in `initialize'
  json (1.7.4) lib/json/common.rb:155:in `new'
  json (1.7.4) lib/json/common.rb:155:in `parse'
  app/controllers/api_controller.rb:10:in `test'

Rendering /home/niufi/rails_apps/niufi/public/500.html (500 Internal Server Error)


Processing ApiController#receiveEvents (for 190.46.26.176 at 2014-09-11 12:45:28) [GET]

ActionController::UnknownAction (No action responded to receiveEvents. Actions: test):
  

Rendering /home/niufi/rails_apps/niufi/public/404.html (404 Not Found)


Processing ApiController#receiveEvents (for 190.46.26.176 at 2014-09-11 12:46:00) [GET]

ActionController::UnknownAction (No action responded to receiveEvents. Actions: test):
  

Rendering /home/niufi/rails_apps/niufi/public/404.html (404 Not Found)


Processing ApiController#receiveEvents (for 190.46.26.176 at 2014-09-11 12:46:02) [GET]

ActionController::UnknownAction (No action responded to receiveEvents. Actions: test):
  

Rendering /home/niufi/rails_apps/niufi/public/404.html (404 Not Found)


Processing ApiController#receiveEvents (for 190.46.26.176 at 2014-09-11 12:46:03) [GET]

ActionController::UnknownAction (No action responded to receiveEvents. Actions: test):
  

Rendering /home/niufi/rails_apps/niufi/public/404.html (404 Not Found)


Processing ApiController#receiveEvents (for 190.46.26.176 at 2014-09-11 12:46:04) [GET]

ActionController::UnknownAction (No action responded to receiveEvents. Actions: test):
  

Rendering /home/niufi/rails_apps/niufi/public/404.html (404 Not Found)


Processing ApiController#test (for 190.46.26.176 at 2014-09-11 12:46:11) [GET]

TypeError (can't convert nil into String):
  json (1.7.4) lib/json/common.rb:155:in `initialize'
  json (1.7.4) lib/json/common.rb:155:in `new'
  json (1.7.4) lib/json/common.rb:155:in `parse'
  app/controllers/api_controller.rb:10:in `test'

Rendering /home/niufi/rails_apps/niufi/public/500.html (500 Internal Server Error)
